[20:27:45] [ServerMain/WARN]: You specified a resource pack without providing a sha1 hash. Pack will be updated on the client only if you change the name of the pack.
[20:27:45] [ServerMain/WARN]: resource-pack-id missing, using default of 161f7735-9fc1-3016-aaf7-55e056374916
[20:27:45] [ServerMain/INFO]: Environment: Environment[sessionHost=https://sessionserver.mojang.com, servicesHost=https://api.minecraftservices.com, name=PROD]
[20:27:47] [ServerMain/INFO]: Loaded 1290 recipes
[20:27:48] [ServerMain/WARN]: Failed to parse chat filter config {}
com.google.gson.JsonSyntaxException: Missing apiServer, expected to find a string
	at net.minecraft.util.ChatDeserializer.i(SourceFile:128) ~[spigot-1.21.1-R0.1-SNAPSHOT.jar:4344-Spigot-a759b62-19bf846]
	at net.minecraft.server.network.TextFilter.a(SourceFile:103) ~[spigot-1.21.1-R0.1-SNAPSHOT.jar:4344-Spigot-a759b62-19bf846]
	at net.minecraft.server.dedicated.DedicatedServer.<init>(DedicatedServer.java:104) ~[spigot-1.21.1-R0.1-SNAPSHOT.jar:4344-Spigot-a759b62-19bf846]
	at net.minecraft.server.Main.lambda$main$2(Main.java:299) ~[spigot-1.21.1-R0.1-SNAPSHOT.jar:4344-Spigot-a759b62-19bf846]
	at net.minecraft.server.MinecraftServer.a(MinecraftServer.java:328) ~[spigot-1.21.1-R0.1-SNAPSHOT.jar:4344-Spigot-a759b62-19bf846]
	at net.minecraft.server.Main.main(Main.java:298) ~[spigot-1.21.1-R0.1-SNAPSHOT.jar:4344-Spigot-a759b62-19bf846]
	at org.bukkit.craftbukkit.Main.main(Main.java:215) ~[spigot-1.21.1-R0.1-SNAPSHOT.jar:4344-Spigot-a759b62-19bf846]
	at org.bukkit.craftbukkit.bootstrap.Main.lambda$run$0(Main.java:60) ~[spigot-1.21.1.jar:?]
	at java.base/java.lang.Thread.run(Unknown Source) [?:?]
[20:27:48] [Server thread/INFO]: Starting minecraft server version 1.21.1
[20:27:48] [Server thread/INFO]: Loading properties
[20:27:48] [Server thread/INFO]: This server is running CraftBukkit version 4344-Spigot-a759b62-19bf846 (MC: 1.21.1) (Implementing API version 1.21.1-R0.1-SNAPSHOT)
[20:27:50] [Server thread/INFO]: *** This version of Spigot contains changes to some enums. If you notice that plugins no longer work after updating, please report this to the developers of those plugins first. ***
[20:27:50] [Server thread/INFO]: *** If you cannot update those plugins, you can try setting `settings.compatibility.enum-compatibility-mode` to `true` in `bukkit.yml`. ***
[20:27:50] [Server thread/INFO]: Server Ping Player Sample Count: 12
[20:27:50] [Server thread/INFO]: Using 4 threads for Netty based IO
[20:27:50] [Server thread/INFO]: Debug logging is disabled
[20:27:50] [Server thread/INFO]: Default game type: SURVIVAL
[20:27:50] [Server thread/INFO]: Generating keypair
[20:27:50] [Server thread/INFO]: Starting Minecraft server on *:25565
[20:27:50] [Server thread/INFO]: Using epoll channel type
[20:27:50] [Server thread/WARN]: Initializing Legacy Material Support. Unless you have legacy plugins and/or data this is a bug!
[20:28:01] [Server thread/WARN]: Legacy plugin elyby-skinsystem v0.2.0-beta does not specify an api-version.
[20:28:02] [Server thread/INFO]: [elyby-skinsystem] Loading elyby-skinsystem v0.2.0-beta
[20:28:02] [Server thread/INFO]: [AutoMessage] Loading AutoMessage v1.0
[20:28:02] [Server thread/INFO]: [ViaVersion] Loading ViaVersion v5.2.0
[20:28:02] [Server thread/INFO]: [ViaVersion] ViaVersion 5.2.0 is now loaded. Registering protocol transformers and injecting...
[20:28:02] [Via-Mappingloader-0/INFO]: [ViaVersion] Loading block connection mappings ...
[20:28:03] [Via-Mappingloader-0/INFO]: [ViaVersion] Using FastUtil Long2ObjectOpenHashMap for block connections
[20:28:03] [Server thread/ERROR]: [ViaBackwards] ================================
[20:28:03] [Server thread/ERROR]: [ViaBackwards] YOUR VIAVERSION IS OUTDATED (you are running 5.2.0)
[20:28:03] [Server thread/ERROR]: [ViaBackwards] PLEASE USE VIAVERSION 5.3.2 OR NEWER
[20:28:03] [Server thread/ERROR]: [ViaBackwards] LINK: https://ci.viaversion.com/
[20:28:03] [Server thread/ERROR]: [ViaBackwards] VIABACKWARDS WILL NOW DISABLE
[20:28:03] [Server thread/ERROR]: [ViaBackwards] ================================
[20:28:03] [Server thread/INFO]: [ViaRewind] Registering protocols...
[20:28:03] [Server thread/ERROR]: 'com.viaversion.viaversion.api.minecraft.entities.EntityTypes1_8$ObjectType com.viaversion.viaversion.api.minecraft.entities.EntityTypes1_8$ObjectType.findById(int, int)' initializing ViaVersion v5.2.0 (Is it up to date?)
java.lang.NoSuchMethodError: 'com.viaversion.viaversion.api.minecraft.entities.EntityTypes1_8$ObjectType com.viaversion.viaversion.api.minecraft.entities.EntityTypes1_8$ObjectType.findById(int, int)'
	at com.viaversion.viarewind.protocol.v1_8to1_7_6_10.rewriter.EntityPacketRewriter1_8$3.register(EntityPacketRewriter1_8.java:144) ~[?:?]
	at com.viaversion.viaversion.api.protocol.remapper.PacketHandlers.<init>(PacketHandlers.java:38) ~[?:?]
	at com.viaversion.viarewind.protocol.v1_8to1_7_6_10.rewriter.EntityPacketRewriter1_8$3.<init>(EntityPacketRewriter1_8.java:130) ~[?:?]
	at com.viaversion.viarewind.protocol.v1_8to1_7_6_10.rewriter.EntityPacketRewriter1_8.registerPackets(EntityPacketRewriter1_8.java:130) ~[?:?]
	at com.viaversion.viaversion.api.rewriter.RewriterBase.register(RewriterBase.java:36) ~[?:?]
	at com.viaversion.viarewind.protocol.v1_8to1_7_6_10.Protocol1_8To1_7_6_10.registerPackets(Protocol1_8To1_7_6_10.java:62) ~[?:?]
	at com.viaversion.viaversion.api.protocol.AbstractProtocol.initialize(AbstractProtocol.java:106) ~[?:?]
	at com.viaversion.viaversion.protocol.ProtocolManagerImpl.registerProtocol(ProtocolManagerImpl.java:209) ~[?:?]
	at com.viaversion.viaversion.protocol.ProtocolManagerImpl.registerProtocol(ProtocolManagerImpl.java:203) ~[?:?]
	at com.viaversion.viarewind.api.ViaRewindPlatform.init(ViaRewindPlatform.java:55) ~[?:?]
	at com.viaversion.viarewind.BukkitPlugin.lambda$new$0(BukkitPlugin.java:29) ~[?:?]
	at com.viaversion.viaversion.ViaManagerImpl.init(ViaManagerImpl.java:115) ~[?:?]
	at com.viaversion.viaversion.ViaVersionPlugin.onLoad(ViaVersionPlugin.java:85) ~[?:?]
	at org.bukkit.craftbukkit.v1_21_R1.CraftServer.loadPlugins(CraftServer.java:470) ~[spigot-1.21.1-R0.1-SNAPSHOT.jar:4344-Spigot-a759b62-19bf846]
	at net.minecraft.server.dedicated.DedicatedServer.e(DedicatedServer.java:236) ~[spigot-1.21.1-R0.1-SNAPSHOT.jar:4344-Spigot-a759b62-19bf846]
	at net.minecraft.server.MinecraftServer.y(MinecraftServer.java:1017) ~[spigot-1.21.1-R0.1-SNAPSHOT.jar:4344-Spigot-a759b62-19bf846]
	at net.minecraft.server.MinecraftServer.lambda$spin$0(MinecraftServer.java:318) ~[spigot-1.21.1-R0.1-SNAPSHOT.jar:4344-Spigot-a759b62-19bf846]
	at java.base/java.lang.Thread.run(Unknown Source) [?:?]
[20:28:03] [Server thread/INFO]: [ViaBackwards] Loading ViaBackwards v5.3.2
[20:28:03] [Server thread/INFO]: [ViaRewind] Loading ViaRewind v4.0.7
[20:28:03] [Server thread/INFO]: [Geyser-Spigot] Loading Geyser-Spigot v2.6.2-SNAPSHOT
[20:28:03] [Server thread/INFO]: [Geyser-Spigot] Loading extensions...
[20:28:03] [Server thread/INFO]: [Geyser-Spigot] Loaded 0 extension(s)
[20:28:03] [Server thread/INFO]: [elyby-skinsystem] Enabling elyby-skinsystem v0.2.0-beta
[20:28:04] [Server thread/INFO]: [ViaRewind] Enabling ViaRewind v4.0.7
[20:28:04] [Server thread/WARN]: **** SERVER IS RUNNING IN OFFLINE/INSECURE MODE!
[20:28:04] [Server thread/WARN]: The server will make no attempt to authenticate usernames. Beware.
[20:28:04] [Server thread/WARN]: While this makes the game possible to play without internet access, it also opens up the ability for hackers to connect with any username they choose.
[20:28:04] [Server thread/WARN]: To change this, set "online-mode" to "true" in the server.properties file.
[20:28:04] [Server thread/INFO]: Preparing level "world"
[20:28:04] [Server thread/INFO]: -------- World Settings For [world] --------
[20:28:04] [Server thread/INFO]: Cactus Growth Modifier: 100%
[20:28:04] [Server thread/INFO]: Cane Growth Modifier: 100%
[20:28:04] [Server thread/INFO]: Melon Growth Modifier: 100%
[20:28:04] [Server thread/INFO]: Mushroom Growth Modifier: 100%
[20:28:04] [Server thread/INFO]: Pumpkin Growth Modifier: 100%
[20:28:04] [Server thread/INFO]: Sapling Growth Modifier: 100%
[20:28:04] [Server thread/INFO]: Beetroot Growth Modifier: 100%
[20:28:04] [Server thread/INFO]: Carrot Growth Modifier: 100%
[20:28:04] [Server thread/INFO]: Potato Growth Modifier: 100%
[20:28:04] [Server thread/INFO]: Wheat Growth Modifier: 100%
[20:28:04] [Server thread/INFO]: NetherWart Growth Modifier: 100%
[20:28:04] [Server thread/INFO]: Vine Growth Modifier: 100%
[20:28:04] [Server thread/INFO]: Cocoa Growth Modifier: 100%
[20:28:04] [Server thread/INFO]: Bamboo Growth Modifier: 100%
[20:28:04] [Server thread/INFO]: SweetBerry Growth Modifier: 100%
[20:28:04] [Server thread/INFO]: Kelp Growth Modifier: 100%
[20:28:04] [Server thread/INFO]: TwistingVines Growth Modifier: 100%
[20:28:04] [Server thread/INFO]: WeepingVines Growth Modifier: 100%
[20:28:04] [Server thread/INFO]: CaveVines Growth Modifier: 100%
[20:28:04] [Server thread/INFO]: Entity Activation Range: An 32 / Mo 32 / Ra 48 / Mi 16 / Tiv true / Isa false
[20:28:04] [Server thread/INFO]: Entity Tracking Range: Pl 48 / An 48 / Mo 48 / Mi 32 / Di 128 / Other 64
[20:28:04] [Server thread/INFO]: Hopper Transfer: 8 Hopper Check: 1 Hopper Amount: 1 Hopper Can Load Chunks: false
[20:28:04] [Server thread/INFO]: Experience Merge Radius: 3.0
[20:28:04] [Server thread/INFO]: Mob Spawn Range: 6
[20:28:04] [Server thread/INFO]: Custom Map Seeds:  Village: 10387312 Desert: 14357617 Igloo: 14357618 Jungle: 14357619 Swamp: 14357620 Monument: 10387313 Ocean: 14357621 Shipwreck: 165745295 End City: 10387313 Slime: 987234911 Nether: 30084232 Mansion: 10387319 Fossil: 14357921 Portal: 34222645
[20:28:04] [Server thread/INFO]: Max TNT Explosions: 100
[20:28:04] [Server thread/INFO]: Tile Max Tick Time: 50ms Entity max Tick Time: 50ms
[20:28:04] [Server thread/INFO]: View Distance: 10
[20:28:04] [Server thread/INFO]: Simulation Distance: 10
[20:28:04] [Server thread/INFO]: Item Despawn Rate: 6000
[20:28:04] [Server thread/INFO]: Item Merge Radius: 2.5
[20:28:04] [Server thread/INFO]: Allow Zombie Pigmen to spawn from portal blocks: true
[20:28:04] [Server thread/INFO]: Arrow Despawn Rate: 1200 Trident Respawn Rate:1200
[20:28:04] [Server thread/INFO]: Zombie Aggressive Towards Villager: true
[20:28:04] [Server thread/INFO]: Nerfing mobs spawned from spawners: false
[20:28:04] [Server thread/INFO]: -------- World Settings For [world_nether] --------
[20:28:04] [Server thread/INFO]: Cactus Growth Modifier: 100%
[20:28:04] [Server thread/INFO]: Cane Growth Modifier: 100%
[20:28:04] [Server thread/INFO]: Melon Growth Modifier: 100%
[20:28:04] [Server thread/INFO]: Mushroom Growth Modifier: 100%
[20:28:04] [Server thread/INFO]: Pumpkin Growth Modifier: 100%
[20:28:04] [Server thread/INFO]: Sapling Growth Modifier: 100%
[20:28:04] [Server thread/INFO]: Beetroot Growth Modifier: 100%
[20:28:04] [Server thread/INFO]: Carrot Growth Modifier: 100%
[20:28:04] [Server thread/INFO]: Potato Growth Modifier: 100%
[20:28:04] [Server thread/INFO]: Wheat Growth Modifier: 100%
[20:28:04] [Server thread/INFO]: NetherWart Growth Modifier: 100%
[20:28:04] [Server thread/INFO]: Vine Growth Modifier: 100%
[20:28:04] [Server thread/INFO]: Cocoa Growth Modifier: 100%
[20:28:04] [Server thread/INFO]: Bamboo Growth Modifier: 100%
[20:28:04] [Server thread/INFO]: SweetBerry Growth Modifier: 100%
[20:28:04] [Server thread/INFO]: Kelp Growth Modifier: 100%
[20:28:04] [Server thread/INFO]: TwistingVines Growth Modifier: 100%
[20:28:04] [Server thread/INFO]: WeepingVines Growth Modifier: 100%
[20:28:04] [Server thread/INFO]: CaveVines Growth Modifier: 100%
[20:28:04] [Server thread/INFO]: Entity Activation Range: An 32 / Mo 32 / Ra 48 / Mi 16 / Tiv true / Isa false
[20:28:04] [Server thread/INFO]: Entity Tracking Range: Pl 48 / An 48 / Mo 48 / Mi 32 / Di 128 / Other 64
[20:28:04] [Server thread/INFO]: Hopper Transfer: 8 Hopper Check: 1 Hopper Amount: 1 Hopper Can Load Chunks: false
[20:28:04] [Server thread/INFO]: Experience Merge Radius: 3.0
[20:28:04] [Server thread/INFO]: Mob Spawn Range: 6
[20:28:04] [Server thread/INFO]: Custom Map Seeds:  Village: 10387312 Desert: 14357617 Igloo: 14357618 Jungle: 14357619 Swamp: 14357620 Monument: 10387313 Ocean: 14357621 Shipwreck: 165745295 End City: 10387313 Slime: 987234911 Nether: 30084232 Mansion: 10387319 Fossil: 14357921 Portal: 34222645
[20:28:04] [Server thread/INFO]: Max TNT Explosions: 100
[20:28:04] [Server thread/INFO]: Tile Max Tick Time: 50ms Entity max Tick Time: 50ms
[20:28:04] [Server thread/INFO]: View Distance: 10
[20:28:04] [Server thread/INFO]: Simulation Distance: 10
[20:28:04] [Server thread/INFO]: Item Despawn Rate: 6000
[20:28:04] [Server thread/INFO]: Item Merge Radius: 2.5
[20:28:04] [Server thread/INFO]: Allow Zombie Pigmen to spawn from portal blocks: true
[20:28:04] [Server thread/INFO]: Arrow Despawn Rate: 1200 Trident Respawn Rate:1200
[20:28:04] [Server thread/INFO]: Zombie Aggressive Towards Villager: true
[20:28:04] [Server thread/INFO]: Nerfing mobs spawned from spawners: false
[20:28:08] [Server thread/INFO]: -------- World Settings For [world_the_end] --------
[20:28:08] [Server thread/INFO]: Cactus Growth Modifier: 100%
[20:28:08] [Server thread/INFO]: Cane Growth Modifier: 100%
[20:28:08] [Server thread/INFO]: Melon Growth Modifier: 100%
[20:28:08] [Server thread/INFO]: Mushroom Growth Modifier: 100%
[20:28:08] [Server thread/INFO]: Pumpkin Growth Modifier: 100%
[20:28:08] [Server thread/INFO]: Sapling Growth Modifier: 100%
[20:28:08] [Server thread/INFO]: Beetroot Growth Modifier: 100%
[20:28:08] [Server thread/INFO]: Carrot Growth Modifier: 100%
[20:28:08] [Server thread/INFO]: Potato Growth Modifier: 100%
[20:28:08] [Server thread/INFO]: Wheat Growth Modifier: 100%
[20:28:08] [Server thread/INFO]: NetherWart Growth Modifier: 100%
[20:28:08] [Server thread/INFO]: Vine Growth Modifier: 100%
[20:28:08] [Server thread/INFO]: Cocoa Growth Modifier: 100%
[20:28:08] [Server thread/INFO]: Bamboo Growth Modifier: 100%
[20:28:08] [Server thread/INFO]: SweetBerry Growth Modifier: 100%
[20:28:08] [Server thread/INFO]: Kelp Growth Modifier: 100%
[20:28:08] [Server thread/INFO]: TwistingVines Growth Modifier: 100%
[20:28:08] [Server thread/INFO]: WeepingVines Growth Modifier: 100%
[20:28:08] [Server thread/INFO]: CaveVines Growth Modifier: 100%
[20:28:08] [Server thread/INFO]: Entity Activation Range: An 32 / Mo 32 / Ra 48 / Mi 16 / Tiv true / Isa false
[20:28:08] [Server thread/INFO]: Entity Tracking Range: Pl 48 / An 48 / Mo 48 / Mi 32 / Di 128 / Other 64
[20:28:08] [Server thread/INFO]: Hopper Transfer: 8 Hopper Check: 1 Hopper Amount: 1 Hopper Can Load Chunks: false
[20:28:08] [Server thread/INFO]: Experience Merge Radius: 3.0
[20:28:08] [Server thread/INFO]: Mob Spawn Range: 6
[20:28:08] [Server thread/INFO]: Custom Map Seeds:  Village: 10387312 Desert: 14357617 Igloo: 14357618 Jungle: 14357619 Swamp: 14357620 Monument: 10387313 Ocean: 14357621 Shipwreck: 165745295 End City: 10387313 Slime: 987234911 Nether: 30084232 Mansion: 10387319 Fossil: 14357921 Portal: 34222645
[20:28:08] [Server thread/INFO]: Max TNT Explosions: 100
[20:28:08] [Server thread/INFO]: Tile Max Tick Time: 50ms Entity max Tick Time: 50ms
[20:28:08] [Server thread/INFO]: View Distance: 10
[20:28:08] [Server thread/INFO]: Simulation Distance: 10
[20:28:08] [Server thread/INFO]: Item Despawn Rate: 6000
[20:28:08] [Server thread/INFO]: Item Merge Radius: 2.5
[20:28:08] [Server thread/INFO]: Allow Zombie Pigmen to spawn from portal blocks: true
[20:28:08] [Server thread/INFO]: Arrow Despawn Rate: 1200 Trident Respawn Rate:1200
[20:28:08] [Server thread/INFO]: Zombie Aggressive Towards Villager: true
[20:28:08] [Server thread/INFO]: Nerfing mobs spawned from spawners: false
[20:28:08] [Server thread/INFO]: Preparing start region for dimension minecraft:overworld
[20:28:08] [Worker-Main-2/INFO]: Preparing spawn area: 0%
[20:28:08] [Server thread/INFO]: Time elapsed: 614 ms
[20:28:08] [Server thread/INFO]: Preparing start region for dimension minecraft:the_nether
[20:28:08] [Worker-Main-2/INFO]: Preparing spawn area: 0%
[20:28:08] [Server thread/INFO]: Time elapsed: 174 ms
[20:28:08] [Server thread/INFO]: Preparing start region for dimension minecraft:the_end
[20:28:08] [Worker-Main-3/INFO]: Preparing spawn area: 0%
[20:28:09] [Server thread/INFO]: Time elapsed: 129 ms
[20:28:09] [Server thread/INFO]: [AutoMessage] Enabling AutoMessage v1.0
[20:28:09] [Server thread/INFO]: [ViaVersion] Enabling ViaVersion v5.2.0
[20:28:09] [Server thread/INFO]: [ViaVersion] ViaVersion detected server version: 1.21-1.21.1 (767)
[20:28:09] [Server thread/INFO]: [ViaBackwards] Enabling ViaBackwards v5.3.2
[20:28:09] [Server thread/INFO]: [Geyser-Spigot] Enabling Geyser-Spigot v2.6.2-SNAPSHOT
[20:28:09] [Server thread/INFO]: Server permissions file permissions.yml is empty, ignoring it
[20:28:09] [Server thread/INFO]: [Geyser-Spigot] ******************************************
[20:28:09] [Server thread/INFO]: [Geyser-Spigot] 
[20:28:09] [Server thread/INFO]: [Geyser-Spigot] Loading Geyser version 2.6.2-b793 (git-master-baac979)
[20:28:09] [Server thread/INFO]: [Geyser-Spigot] 
[20:28:09] [Server thread/INFO]: [Geyser-Spigot] ******************************************
[20:28:12] [epollEventLoopGroup-3-1/INFO]: [Geyser-Spigot] Started Geyser on UDP port 25565
[20:28:12] [Server thread/INFO]: [Geyser-Spigot] Done (3.279s)! Run /geyser help for help!
[20:28:12] [ForkJoinPool.commonPool-worker-3/INFO]: [Geyser-Spigot] §aThere's a new Geyser update available to support Bedrock version 1.21.80. Download it here: §9§nhttps://geysermc.org/download
[20:28:12] [Server thread/INFO]: Done (8.761s)! For help, type "help"
[20:28:12] [Server thread/INFO]: Starting GS4 status listener
[20:28:12] [Server thread/INFO]: Thread Query Listener started
[20:28:12] [Query Listener #1/INFO]: Query running on 0.0.0.0:25585
[20:28:12] [Craft Scheduler Thread - 1/INFO]: [ViaVersion] Finished mapping loading, shutting down loader executor.
[20:28:12] [Server thread/WARN]: [ViaVersion] There is a newer plugin version available: 5.3.2, you're on: 5.2.0
[20:28:17] [Server thread/INFO]: <[0;33;1mBoatSMP[0;37;1m> [0;33;1m[21mEntre no nosso servidor do Discord [0;34;22mhttps://discord.gg/JBs6RJPvC8[m
[20:30:17] [Server thread/INFO]: <[0;33;1mBoatSMP[0;37;1m> Começe pedindo ajuda para outras pessoas geralmente é melhor![m
[20:32:17] [Server thread/INFO]: <[0;33;1mBoatSMP[0;37;1m> Sempre que alguém matar o Ender Dragon o servidor é reiniciado em outro mundo mas seus itens no inventário são mantidos[m
[20:34:17] [Server thread/INFO]: <[0;33;1mBoatSMP[0;37;1m> [0;33;1m[21mEntre no nosso servidor do Discord [0;34;22mhttps://discord.gg/JBs6RJPvC8[m
[20:36:17] [Server thread/INFO]: <[0;33;1mBoatSMP[0;37;1m> Começe pedindo ajuda para outras pessoas geralmente é melhor![m
[20:38:17] [Server thread/INFO]: <[0;33;1mBoatSMP[0;37;1m> Sempre que alguém matar o Ender Dragon o servidor é reiniciado em outro mundo mas seus itens no inventário são mantidos[m
[20:40:17] [Server thread/INFO]: <[0;33;1mBoatSMP[0;37;1m> [0;33;1m[21mEntre no nosso servidor do Discord [0;34;22mhttps://discord.gg/JBs6RJPvC8[m
[20:42:17] [Server thread/INFO]: <[0;33;1mBoatSMP[0;37;1m> Começe pedindo ajuda para outras pessoas geralmente é melhor![m
[20:44:17] [Server thread/INFO]: <[0;33;1mBoatSMP[0;37;1m> Sempre que alguém matar o Ender Dragon o servidor é reiniciado em outro mundo mas seus itens no inventário são mantidos[m
[20:46:17] [Server thread/INFO]: <[0;33;1mBoatSMP[0;37;1m> [0;33;1m[21mEntre no nosso servidor do Discord [0;34;22mhttps://discord.gg/JBs6RJPvC8[m
[20:48:17] [Server thread/INFO]: <[0;33;1mBoatSMP[0;37;1m> Começe pedindo ajuda para outras pessoas geralmente é melhor![m
[20:50:17] [Server thread/INFO]: <[0;33;1mBoatSMP[0;37;1m> Sempre que alguém matar o Ender Dragon o servidor é reiniciado em outro mundo mas seus itens no inventário são mantidos[m
[20:52:17] [Server thread/INFO]: <[0;33;1mBoatSMP[0;37;1m> [0;33;1m[21mEntre no nosso servidor do Discord [0;34;22mhttps://discord.gg/JBs6RJPvC8[m
[20:54:17] [Server thread/INFO]: <[0;33;1mBoatSMP[0;37;1m> Começe pedindo ajuda para outras pessoas geralmente é melhor![m
[20:56:17] [Server thread/INFO]: <[0;33;1mBoatSMP[0;37;1m> Sempre que alguém matar o Ender Dragon o servidor é reiniciado em outro mundo mas seus itens no inventário são mantidos[m
[20:58:17] [Server thread/INFO]: <[0;33;1mBoatSMP[0;37;1m> [0;33;1m[21mEntre no nosso servidor do Discord [0;34;22mhttps://discord.gg/JBs6RJPvC8[m
[21:00:17] [Server thread/INFO]: <[0;33;1mBoatSMP[0;37;1m> Começe pedindo ajuda para outras pessoas geralmente é melhor![m
[21:02:17] [Server thread/INFO]: <[0;33;1mBoatSMP[0;37;1m> Sempre que alguém matar o Ender Dragon o servidor é reiniciado em outro mundo mas seus itens no inventário são mantidos[m
[21:04:17] [Server thread/INFO]: <[0;33;1mBoatSMP[0;37;1m> [0;33;1m[21mEntre no nosso servidor do Discord [0;34;22mhttps://discord.gg/JBs6RJPvC8[m
[21:06:17] [Server thread/INFO]: <[0;33;1mBoatSMP[0;37;1m> Começe pedindo ajuda para outras pessoas geralmente é melhor![m
[21:08:17] [Server thread/INFO]: <[0;33;1mBoatSMP[0;37;1m> Sempre que alguém matar o Ender Dragon o servidor é reiniciado em outro mundo mas seus itens no inventário são mantidos[m
[21:10:17] [Server thread/INFO]: <[0;33;1mBoatSMP[0;37;1m> [0;33;1m[21mEntre no nosso servidor do Discord [0;34;22mhttps://discord.gg/JBs6RJPvC8[m
[21:12:17] [Server thread/INFO]: <[0;33;1mBoatSMP[0;37;1m> Começe pedindo ajuda para outras pessoas geralmente é melhor![m
[21:14:17] [Server thread/INFO]: <[0;33;1mBoatSMP[0;37;1m> Sempre que alguém matar o Ender Dragon o servidor é reiniciado em outro mundo mas seus itens no inventário são mantidos[m
[21:16:17] [Server thread/INFO]: <[0;33;1mBoatSMP[0;37;1m> [0;33;1m[21mEntre no nosso servidor do Discord [0;34;22mhttps://discord.gg/JBs6RJPvC8[m
[21:18:17] [Server thread/INFO]: <[0;33;1mBoatSMP[0;37;1m> Começe pedindo ajuda para outras pessoas geralmente é melhor![m
[21:20:17] [Server thread/INFO]: <[0;33;1mBoatSMP[0;37;1m> Sempre que alguém matar o Ender Dragon o servidor é reiniciado em outro mundo mas seus itens no inventário são mantidos[m
[21:22:17] [Server thread/INFO]: <[0;33;1mBoatSMP[0;37;1m> [0;33;1m[21mEntre no nosso servidor do Discord [0;34;22mhttps://discord.gg/JBs6RJPvC8[m
[21:24:17] [Server thread/INFO]: <[0;33;1mBoatSMP[0;37;1m> Começe pedindo ajuda para outras pessoas geralmente é melhor![m
[21:26:17] [Server thread/INFO]: <[0;33;1mBoatSMP[0;37;1m> Sempre que alguém matar o Ender Dragon o servidor é reiniciado em outro mundo mas seus itens no inventário são mantidos[m
[21:28:17] [Server thread/INFO]: <[0;33;1mBoatSMP[0;37;1m> [0;33;1m[21mEntre no nosso servidor do Discord [0;34;22mhttps://discord.gg/JBs6RJPvC8[m
[21:30:17] [Server thread/INFO]: <[0;33;1mBoatSMP[0;37;1m> Começe pedindo ajuda para outras pessoas geralmente é melhor![m
[21:32:17] [Server thread/INFO]: <[0;33;1mBoatSMP[0;37;1m> Sempre que alguém matar o Ender Dragon o servidor é reiniciado em outro mundo mas seus itens no inventário são mantidos[m
[21:34:17] [Server thread/INFO]: <[0;33;1mBoatSMP[0;37;1m> [0;33;1m[21mEntre no nosso servidor do Discord [0;34;22mhttps://discord.gg/JBs6RJPvC8[m
[21:36:17] [Server thread/INFO]: <[0;33;1mBoatSMP[0;37;1m> Começe pedindo ajuda para outras pessoas geralmente é melhor![m
[21:38:17] [Server thread/INFO]: <[0;33;1mBoatSMP[0;37;1m> Sempre que alguém matar o Ender Dragon o servidor é reiniciado em outro mundo mas seus itens no inventário são mantidos[m
[21:40:17] [Server thread/INFO]: <[0;33;1mBoatSMP[0;37;1m> [0;33;1m[21mEntre no nosso servidor do Discord [0;34;22mhttps://discord.gg/JBs6RJPvC8[m
[21:42:17] [Server thread/INFO]: <[0;33;1mBoatSMP[0;37;1m> Começe pedindo ajuda para outras pessoas geralmente é melhor![m
[21:44:17] [Server thread/INFO]: <[0;33;1mBoatSMP[0;37;1m> Sempre que alguém matar o Ender Dragon o servidor é reiniciado em outro mundo mas seus itens no inventário são mantidos[m
[21:46:17] [Server thread/INFO]: <[0;33;1mBoatSMP[0;37;1m> [0;33;1m[21mEntre no nosso servidor do Discord [0;34;22mhttps://discord.gg/JBs6RJPvC8[m
[21:48:17] [Server thread/INFO]: <[0;33;1mBoatSMP[0;37;1m> Começe pedindo ajuda para outras pessoas geralmente é melhor![m
[21:50:17] [Server thread/INFO]: <[0;33;1mBoatSMP[0;37;1m> Sempre que alguém matar o Ender Dragon o servidor é reiniciado em outro mundo mas seus itens no inventário são mantidos[m
[21:52:17] [Server thread/INFO]: <[0;33;1mBoatSMP[0;37;1m> [0;33;1m[21mEntre no nosso servidor do Discord [0;34;22mhttps://discord.gg/JBs6RJPvC8[m
[21:54:17] [Server thread/INFO]: <[0;33;1mBoatSMP[0;37;1m> Começe pedindo ajuda para outras pessoas geralmente é melhor![m
[21:56:17] [Server thread/INFO]: <[0;33;1mBoatSMP[0;37;1m> Sempre que alguém matar o Ender Dragon o servidor é reiniciado em outro mundo mas seus itens no inventário são mantidos[m
[21:58:17] [Server thread/INFO]: <[0;33;1mBoatSMP[0;37;1m> [0;33;1m[21mEntre no nosso servidor do Discord [0;34;22mhttps://discord.gg/JBs6RJPvC8[m
[22:00:17] [Server thread/INFO]: <[0;33;1mBoatSMP[0;37;1m> Começe pedindo ajuda para outras pessoas geralmente é melhor![m
[22:02:17] [Server thread/INFO]: <[0;33;1mBoatSMP[0;37;1m> Sempre que alguém matar o Ender Dragon o servidor é reiniciado em outro mundo mas seus itens no inventário são mantidos[m
[22:04:17] [Server thread/INFO]: <[0;33;1mBoatSMP[0;37;1m> [0;33;1m[21mEntre no nosso servidor do Discord [0;34;22mhttps://discord.gg/JBs6RJPvC8[m
[22:06:17] [Server thread/INFO]: <[0;33;1mBoatSMP[0;37;1m> Começe pedindo ajuda para outras pessoas geralmente é melhor![m
[22:08:17] [Server thread/INFO]: <[0;33;1mBoatSMP[0;37;1m> Sempre que alguém matar o Ender Dragon o servidor é reiniciado em outro mundo mas seus itens no inventário são mantidos[m
