[20:27:49] [main/INFO] (ViaProxy) Initializing ViaProxy CLI v3.4.2-SNAPSHOT (git-ViaProxy-3.4.2-SNAPSHOT:ec9fb8c) (Injected using Launcher Agent)...
[20:27:49] [main/INFO] (ViaProxy) Using java version: OpenJDK 64-Bit Server VM 21.0.6 (Microsoft) on Linux
[20:27:49] [main/INFO] (ViaProxy) Available memory (bytes): 4192206848
[20:27:49] [main/INFO] (ViaProxy) Working directory: /workspaces/BoatSMP
[20:27:49] [main/DEBUG] (io.netty.util.internal.logging.InternalLoggerFactory) Using SLF4J as the default logging framework
[20:27:49] [main/DEBUG] (io.netty.util.ResourceLeakDetector) -Dio.netty.leakDetection.level: simple
[20:27:49] [main/DEBUG] (io.netty.util.ResourceLeakDetector) -Dio.netty.leakDetection.targetRecords: 4
[20:27:49] [main/DEBUG] (io.netty.util.internal.PlatformDependent0) -Dio.netty.noUnsafe: false
[20:27:49] [main/DEBUG] (io.netty.util.internal.PlatformDependent0) Java version: 21
[20:27:49] [main/DEBUG] (io.netty.util.internal.PlatformDependent0) sun.misc.Unsafe.theUnsafe: available
[20:27:49] [main/DEBUG] (io.netty.util.internal.PlatformDependent0) sun.misc.Unsafe base methods: all available
[20:27:49] [main/DEBUG] (io.netty.util.internal.PlatformDependent0) sun.misc.Unsafe.storeFence: available
[20:27:49] [main/DEBUG] (io.netty.util.internal.PlatformDependent0) java.nio.Buffer.address: available
[20:27:49] [main/DEBUG] (io.netty.util.internal.PlatformDependent0) direct buffer constructor: unavailable
java.lang.UnsupportedOperationException: Reflective setAccessible(true) disabled
	at io.netty.util.internal.ReflectionUtil.trySetAccessible(ReflectionUtil.java:31) ~[ViaProxy-3.4.2-SNAPSHOT.jar:?]
	at io.netty.util.internal.PlatformDependent0$5.run(PlatformDependent0.java:332) ~[ViaProxy-3.4.2-SNAPSHOT.jar:?]
	at java.base/java.security.AccessController.doPrivileged(AccessController.java:319) ~[?:?]
	at io.netty.util.internal.PlatformDependent0.<clinit>(PlatformDependent0.java:325) [ViaProxy-3.4.2-SNAPSHOT.jar:?]
	at io.netty.util.internal.PlatformDependent.isAndroid(PlatformDependent.java:334) [ViaProxy-3.4.2-SNAPSHOT.jar:?]
	at io.netty.util.internal.PlatformDependent.<clinit>(PlatformDependent.java:90) [ViaProxy-3.4.2-SNAPSHOT.jar:?]
	at io.netty.util.ConstantPool.<init>(ConstantPool.java:34) [ViaProxy-3.4.2-SNAPSHOT.jar:?]
	at io.netty.util.AttributeKey$1.<init>(AttributeKey.java:27) [ViaProxy-3.4.2-SNAPSHOT.jar:?]
	at io.netty.util.AttributeKey.<clinit>(AttributeKey.java:27) [ViaProxy-3.4.2-SNAPSHOT.jar:?]
	at net.raphimc.netminecraft.constants.MCPipeline.<clinit>(MCPipeline.java:42) [ViaProxy-3.4.2-SNAPSHOT.jar:?]
	at net.raphimc.viaproxy.ViaProxy.loadNetty(ViaProxy.java:295) [ViaProxy-3.4.2-SNAPSHOT.jar:?]
	at net.raphimc.viaproxy.ViaProxy.injectedMain(ViaProxy.java:196) [ViaProxy-3.4.2-SNAPSHOT.jar:?]
	at net.raphimc.viaproxy.ViaProxy.main(ViaProxy.java:100) [ViaProxy-3.4.2-SNAPSHOT.jar:?]
[20:27:49] [main/DEBUG] (io.netty.util.internal.PlatformDependent0) java.nio.Bits.unaligned: available, true
[20:27:49] [main/DEBUG] (io.netty.util.internal.PlatformDependent0) jdk.internal.misc.Unsafe.allocateUninitializedArray(int): unavailable
java.lang.IllegalAccessException: class io.netty.util.internal.PlatformDependent0$7 cannot access class jdk.internal.misc.Unsafe (in module java.base) because module java.base does not export jdk.internal.misc to unnamed module @1d2adfbe
	at java.base/jdk.internal.reflect.Reflection.newIllegalAccessException(Reflection.java:394) ~[?:?]
	at java.base/java.lang.reflect.AccessibleObject.checkAccess(AccessibleObject.java:714) ~[?:?]
	at java.base/java.lang.reflect.Method.invoke(Method.java:571) ~[?:?]
	at io.netty.util.internal.PlatformDependent0$7.run(PlatformDependent0.java:468) ~[ViaProxy-3.4.2-SNAPSHOT.jar:?]
	at java.base/java.security.AccessController.doPrivileged(AccessController.java:319) ~[?:?]
	at io.netty.util.internal.PlatformDependent0.<clinit>(PlatformDependent0.java:459) [ViaProxy-3.4.2-SNAPSHOT.jar:?]
	at io.netty.util.internal.PlatformDependent.isAndroid(PlatformDependent.java:334) [ViaProxy-3.4.2-SNAPSHOT.jar:?]
	at io.netty.util.internal.PlatformDependent.<clinit>(PlatformDependent.java:90) [ViaProxy-3.4.2-SNAPSHOT.jar:?]
	at io.netty.util.ConstantPool.<init>(ConstantPool.java:34) [ViaProxy-3.4.2-SNAPSHOT.jar:?]
	at io.netty.util.AttributeKey$1.<init>(AttributeKey.java:27) [ViaProxy-3.4.2-SNAPSHOT.jar:?]
	at io.netty.util.AttributeKey.<clinit>(AttributeKey.java:27) [ViaProxy-3.4.2-SNAPSHOT.jar:?]
	at net.raphimc.netminecraft.constants.MCPipeline.<clinit>(MCPipeline.java:42) [ViaProxy-3.4.2-SNAPSHOT.jar:?]
	at net.raphimc.viaproxy.ViaProxy.loadNetty(ViaProxy.java:295) [ViaProxy-3.4.2-SNAPSHOT.jar:?]
	at net.raphimc.viaproxy.ViaProxy.injectedMain(ViaProxy.java:196) [ViaProxy-3.4.2-SNAPSHOT.jar:?]
	at net.raphimc.viaproxy.ViaProxy.main(ViaProxy.java:100) [ViaProxy-3.4.2-SNAPSHOT.jar:?]
[20:27:49] [main/DEBUG] (io.netty.util.internal.PlatformDependent0) java.nio.DirectByteBuffer.<init>(long, {int,long}): unavailable
[20:27:49] [main/DEBUG] (io.netty.util.internal.PlatformDependent) sun.misc.Unsafe: available
[20:27:49] [main/DEBUG] (io.netty.util.internal.PlatformDependent) -Dio.netty.tmpdir: /tmp (java.io.tmpdir)
[20:27:49] [main/DEBUG] (io.netty.util.internal.PlatformDependent) -Dio.netty.bitMode: 64 (sun.arch.data.model)
[20:27:49] [main/DEBUG] (io.netty.util.internal.PlatformDependent) -Dio.netty.maxDirectMemory: -1 bytes
[20:27:49] [main/DEBUG] (io.netty.util.internal.PlatformDependent) -Dio.netty.uninitializedArrayAllocationThreshold: -1
[20:27:49] [main/DEBUG] (io.netty.util.internal.CleanerJava9) java.nio.ByteBuffer.cleaner(): available
[20:27:49] [main/DEBUG] (io.netty.util.internal.PlatformDependent) -Dio.netty.noPreferDirect: false
[20:27:49] [main/DEBUG] (io.netty.util.concurrent.GlobalEventExecutor) -Dio.netty.globalEventExecutor.quietPeriodSeconds: 1
[20:27:49] [main/DEBUG] (io.netty.util.internal.InternalThreadLocalMap) -Dio.netty.threadLocalMap.stringBuilder.initialSize: 1024
[20:27:49] [main/DEBUG] (io.netty.util.internal.InternalThreadLocalMap) -Dio.netty.threadLocalMap.stringBuilder.maxSize: 4096
[20:27:50] [Via-Mappingloader-0/INFO] (ViaVersion) Loading block connection mappings ...
[20:27:51] [main/INFO] (ViaBackwards) Loading translations...
[20:27:51] [main/INFO] (ViaBackwards) Registering protocols...
[20:27:52] [main/INFO] (ViaRewind) Registering protocols...
[20:27:54] [main/DEBUG] (io.netty.channel.MultithreadEventLoopGroup) -Dio.netty.eventLoopThreads: 8
[20:27:54] [main/DEBUG] (io.netty.channel.nio.NioEventLoop) -Dio.netty.noKeySetOptimization: false
[20:27:54] [main/DEBUG] (io.netty.channel.nio.NioEventLoop) -Dio.netty.selectorAutoRebuildThreshold: 512
[20:27:54] [main/DEBUG] (io.netty.util.internal.PlatformDependent) org.jctools-core.MpscChunkedArrayQueue: available
[20:27:54] [main/DEBUG] (io.netty.channel.DefaultChannelId) -Dio.netty.processId: 4987 (auto-detected)
[20:27:54] [main/DEBUG] (io.netty.util.NetUtil) -Djava.net.preferIPv4Stack: false
[20:27:54] [main/DEBUG] (io.netty.util.NetUtil) -Djava.net.preferIPv6Addresses: false
[20:27:54] [main/DEBUG] (io.netty.util.NetUtilInitializations) Loopback interface: lo (lo, 0:0:0:0:0:0:0:1%lo)
[20:27:54] [main/DEBUG] (io.netty.util.NetUtil) /proc/sys/net/core/somaxconn: 4096
[20:27:54] [main/DEBUG] (io.netty.channel.DefaultChannelId) -Dio.netty.machineId: 7c:1e:52:ff:fe:f7:11:9c (auto-detected)
[20:27:54] [main/DEBUG] (io.netty.buffer.PooledByteBufAllocator) -Dio.netty.allocator.numHeapArenas: 8
[20:27:54] [main/DEBUG] (io.netty.buffer.PooledByteBufAllocator) -Dio.netty.allocator.numDirectArenas: 8
[20:27:54] [main/DEBUG] (io.netty.buffer.PooledByteBufAllocator) -Dio.netty.allocator.pageSize: 8192
[20:27:54] [main/DEBUG] (io.netty.buffer.PooledByteBufAllocator) -Dio.netty.allocator.maxOrder: 9
[20:27:54] [main/DEBUG] (io.netty.buffer.PooledByteBufAllocator) -Dio.netty.allocator.chunkSize: 4194304
[20:27:54] [main/DEBUG] (io.netty.buffer.PooledByteBufAllocator) -Dio.netty.allocator.smallCacheSize: 256
[20:27:54] [main/DEBUG] (io.netty.buffer.PooledByteBufAllocator) -Dio.netty.allocator.normalCacheSize: 64
[20:27:54] [main/DEBUG] (io.netty.buffer.PooledByteBufAllocator) -Dio.netty.allocator.maxCachedBufferCapacity: 32768
[20:27:54] [main/DEBUG] (io.netty.buffer.PooledByteBufAllocator) -Dio.netty.allocator.cacheTrimInterval: 8192
[20:27:54] [main/DEBUG] (io.netty.buffer.PooledByteBufAllocator) -Dio.netty.allocator.cacheTrimIntervalMillis: 0
[20:27:54] [main/DEBUG] (io.netty.buffer.PooledByteBufAllocator) -Dio.netty.allocator.useCacheForAllThreads: false
[20:27:54] [main/DEBUG] (io.netty.buffer.PooledByteBufAllocator) -Dio.netty.allocator.maxCachedByteBuffersPerChunk: 1023
[20:27:54] [main/DEBUG] (io.netty.buffer.PooledByteBufAllocator) -Dio.netty.allocator.disableCacheFinalizersForFastThreadLocalThreads: false
[20:27:54] [main/DEBUG] (io.netty.buffer.ByteBufUtil) -Dio.netty.allocator.type: pooled
[20:27:54] [main/DEBUG] (io.netty.buffer.ByteBufUtil) -Dio.netty.threadLocalDirectBufferSize: 0
[20:27:54] [main/DEBUG] (io.netty.buffer.ByteBufUtil) -Dio.netty.maxThreadLocalCharBufferSize: 16384
[20:27:54] [main/DEBUG] (io.netty.bootstrap.ChannelInitializerExtensions) -Dio.netty.bootstrap.extensions: null
[20:27:54] [main/INFO] (ViaBedrock) Started resource pack HTTP server on http://127.0.0.1:36173/
[20:27:55] [main/INFO] (ViaVersion) ViaVersion detected lowest supported version by the proxy: 1.7.2-1.7.5 (4)
[20:27:55] [main/INFO] (ViaVersion) Highest supported version by the proxy: 1.21.5 (770)
[20:27:56] [main/INFO] (ViaProxy) ViaProxy started successfully!
[20:27:56] [main/INFO] (ViaProxy) Starting proxy server
[20:27:56] [main/INFO] (ViaProxy) Binding proxy server to 0.0.0.0:25588
[20:27:56] [main/DEBUG] (io.netty.util.internal.NativeLibraryLoader) -Dio.netty.native.workdir: /tmp (io.netty.tmpdir)
[20:27:56] [main/DEBUG] (io.netty.util.internal.NativeLibraryLoader) -Dio.netty.native.deleteLibAfterLoading: true
[20:27:56] [main/DEBUG] (io.netty.util.internal.NativeLibraryLoader) -Dio.netty.native.tryPatchShadedId: true
[20:27:56] [main/DEBUG] (io.netty.util.internal.NativeLibraryLoader) -Dio.netty.native.detectNativeLibraryDuplicates: true
[20:27:56] [main/DEBUG] (io.netty.util.internal.NativeLibraryLoader) Successfully loaded the library /tmp/libnetty_transport_native_epoll_x86_6410173915023355944433.so
[20:27:57] [Via-Mappingloader-11/DEBUG] (io.netty.buffer.AbstractByteBuf) -Dio.netty.buffer.checkAccessible: true
[20:27:57] [Via-Mappingloader-11/DEBUG] (io.netty.buffer.AbstractByteBuf) -Dio.netty.buffer.checkBounds: true
[20:27:57] [Via-Mappingloader-11/DEBUG] (io.netty.util.ResourceLeakDetectorFactory) Loaded default ResourceLeakDetector: io.netty.util.ResourceLeakDetector@1d099ad6
[20:27:57] [ForkJoinPool.commonPool-worker-1/WARN] (ViaProxy) You are running a dev version of ViaProxy
[20:27:58] [Via Async Scheduler 0/INFO] (ViaVersion) Finished mapping loading, shutting down loader executor.
[20:28:43] [Netty Epoll Server Child IO #0/DEBUG] (io.netty.util.Recycler) -Dio.netty.recycler.maxCapacityPerThread: 4096
[20:28:43] [Netty Epoll Server Child IO #0/DEBUG] (io.netty.util.Recycler) -Dio.netty.recycler.ratio: 8
[20:28:43] [Netty Epoll Server Child IO #0/DEBUG] (io.netty.util.Recycler) -Dio.netty.recycler.chunkSize: 32
[20:28:43] [Netty Epoll Server Child IO #0/DEBUG] (io.netty.util.Recycler) -Dio.netty.recycler.blocking: false
[20:28:43] [Netty Epoll Server Child IO #0/DEBUG] (io.netty.util.Recycler) -Dio.netty.recycler.batchFastThreadLocalOnly: true
