[11:38:12] [main/INFO] (ViaProxy) Initializing ViaProxy CLI v3.4.2-SNAPSHOT (git-ViaProxy-3.4.2-SNAPSHOT:ec9fb8c) (Injected using Launcher Agent)...
[11:38:12] [main/INFO] (ViaProxy) Using java version: OpenJDK 64-Bit Server VM 21.0.6 (Microsoft) on Linux
[11:38:12] [main/INFO] (ViaProxy) Available memory (bytes): 4192206848
[11:38:12] [main/INFO] (ViaProxy) Working directory: /workspaces/BoatSMP
[11:38:13] [Via-Mappingloader-0/INFO] (ViaVersion) Loading block connection mappings ...
[11:38:13] [main/INFO] (ViaBackwards) Loading translations...
[11:38:13] [main/INFO] (ViaBackwards) Registering protocols...
[11:38:14] [main/INFO] (ViaRewind) Registering protocols...
[11:38:14] [main/INFO] (ViaBedrock) Started resource pack HTTP server on http://127.0.0.1:34615/
[11:38:15] [main/INFO] (ViaVersion) ViaVersion detected lowest supported version by the proxy: 1.7.2-1.7.5 (4)
[11:38:15] [main/INFO] (ViaVersion) Highest supported version by the proxy: 1.21.5 (770)
[11:38:15] [main/INFO] (ViaProxy) ViaProxy started successfully!
[11:38:15] [main/INFO] (ViaProxy) Starting proxy server
[11:38:15] [main/INFO] (ViaProxy) Binding proxy server to 0.0.0.0:25588
[11:38:16] [ForkJoinPool.commonPool-worker-1/WARN] (ViaProxy) You are running a dev version of ViaProxy
[11:38:16] [Via Async Scheduler 0/INFO] (ViaVersion) Finished mapping loading, shutting down loader executor.
[11:41:34] [ForkJoinPool.commonPool-worker-2/INFO] (ViaProxy) [CONNECT] (127.0.0.1:43186 | null) [1.8.x <-> 1.21-1.21.1] Connecting to 127.0.0.1:25565
[11:41:34] [Netty Epoll Server Child IO #3/INFO] (ViaProxy) [AUTH] (127.0.0.1:43186 | SJotoso9) Filling player data
[11:41:34] [Netty Epoll Client IO #2/INFO] (ViaProxy) [SERVER DISCONNECT] (127.0.0.1:43186 | SJotoso9) If you wish to use IP forwarding, please enable it in your BungeeCord config as well![0m
[11:41:34] [Netty Epoll Client IO #2/INFO] (ViaProxy) [DISCONNECT] (127.0.0.1:43186 | SJotoso9) Connection closed
[11:42:37] [Netty Epoll Server Child IO #6/ERROR] (ViaProxy) Caught unhandled netty exception
java.lang.IllegalStateException: Unexpected packet in HANDSHAKING state
	at net.raphimc.viaproxy.proxy.client2proxy.Client2ProxyHandler.channelRead0(Client2ProxyHandler.java:99) ~[ViaProxy-3.4.2-SNAPSHOT.jar:?]
	at net.raphimc.viaproxy.proxy.client2proxy.Client2ProxyHandler.channelRead0(Client2ProxyHandler.java:68) ~[ViaProxy-3.4.2-SNAPSHOT.jar:?]
	at io.netty.channel.SimpleChannelInboundHandler.channelRead(SimpleChannelInboundHandler.java:99) ~[ViaProxy-3.4.2-SNAPSHOT.jar:?]
	at io.netty.channel.AbstractChannelHandlerContext.invokeChannelRead(AbstractChannelHandlerContext.java:444) ~[ViaProxy-3.4.2-SNAPSHOT.jar:?]
	at io.netty.channel.AbstractChannelHandlerContext.invokeChannelRead(AbstractChannelHandlerContext.java:420) ~[ViaProxy-3.4.2-SNAPSHOT.jar:?]
	at io.netty.channel.AbstractChannelHandlerContext.fireChannelRead(AbstractChannelHandlerContext.java:412) ~[ViaProxy-3.4.2-SNAPSHOT.jar:?]
	at io.netty.handler.codec.ByteToMessageDecoder.fireChannelRead(ByteToMessageDecoder.java:346) ~[ViaProxy-3.4.2-SNAPSHOT.jar:?]
	at io.netty.handler.codec.ByteToMessageDecoder.channelRead(ByteToMessageDecoder.java:318) ~[ViaProxy-3.4.2-SNAPSHOT.jar:?]
	at io.netty.handler.codec.ByteToMessageCodec.channelRead(ByteToMessageCodec.java:103) ~[ViaProxy-3.4.2-SNAPSHOT.jar:?]
	at io.netty.channel.AbstractChannelHandlerContext.invokeChannelRead(AbstractChannelHandlerContext.java:442) ~[ViaProxy-3.4.2-SNAPSHOT.jar:?]
	at io.netty.channel.AbstractChannelHandlerContext.invokeChannelRead(AbstractChannelHandlerContext.java:420) ~[ViaProxy-3.4.2-SNAPSHOT.jar:?]
	at io.netty.channel.AbstractChannelHandlerContext.fireChannelRead(AbstractChannelHandlerContext.java:412) ~[ViaProxy-3.4.2-SNAPSHOT.jar:?]
	at io.netty.handler.flow.FlowControlHandler.dequeue(FlowControlHandler.java:202) ~[ViaProxy-3.4.2-SNAPSHOT.jar:?]
	at io.netty.handler.flow.FlowControlHandler.channelRead(FlowControlHandler.java:164) ~[ViaProxy-3.4.2-SNAPSHOT.jar:?]
	at io.netty.channel.AbstractChannelHandlerContext.invokeChannelRead(AbstractChannelHandlerContext.java:442) ~[ViaProxy-3.4.2-SNAPSHOT.jar:?]
	at io.netty.channel.AbstractChannelHandlerContext.invokeChannelRead(AbstractChannelHandlerContext.java:420) ~[ViaProxy-3.4.2-SNAPSHOT.jar:?]
	at io.netty.channel.AbstractChannelHandlerContext.fireChannelRead(AbstractChannelHandlerContext.java:412) ~[ViaProxy-3.4.2-SNAPSHOT.jar:?]
	at io.netty.handler.codec.ByteToMessageDecoder.fireChannelRead(ByteToMessageDecoder.java:346) ~[ViaProxy-3.4.2-SNAPSHOT.jar:?]
	at io.netty.handler.codec.ByteToMessageDecoder.channelRead(ByteToMessageDecoder.java:318) ~[ViaProxy-3.4.2-SNAPSHOT.jar:?]
	at io.netty.handler.codec.ByteToMessageCodec.channelRead(ByteToMessageCodec.java:103) ~[ViaProxy-3.4.2-SNAPSHOT.jar:?]
	at com.viaversion.vialoader.netty.ViaCodec.channelRead(ViaCodec.java:88) ~[ViaProxy-3.4.2-SNAPSHOT.jar:?]
	at net.raphimc.viaproxy.protocoltranslator.impl.ViaProxyViaCodec.channelRead(ViaProxyViaCodec.java:41) ~[ViaProxy-3.4.2-SNAPSHOT.jar:?]
	at io.netty.channel.AbstractChannelHandlerContext.invokeChannelRead(AbstractChannelHandlerContext.java:442) ~[ViaProxy-3.4.2-SNAPSHOT.jar:?]
	at io.netty.channel.AbstractChannelHandlerContext.invokeChannelRead(AbstractChannelHandlerContext.java:420) ~[ViaProxy-3.4.2-SNAPSHOT.jar:?]
	at io.netty.channel.AbstractChannelHandlerContext.fireChannelRead(AbstractChannelHandlerContext.java:412) ~[ViaProxy-3.4.2-SNAPSHOT.jar:?]
	at io.netty.handler.codec.ByteToMessageDecoder.fireChannelRead(ByteToMessageDecoder.java:346) ~[ViaProxy-3.4.2-SNAPSHOT.jar:?]
	at io.netty.handler.codec.ByteToMessageDecoder.channelRead(ByteToMessageDecoder.java:318) ~[ViaProxy-3.4.2-SNAPSHOT.jar:?]
	at io.netty.handler.codec.ByteToMessageCodec.channelRead(ByteToMessageCodec.java:103) ~[ViaProxy-3.4.2-SNAPSHOT.jar:?]
	at io.netty.channel.AbstractChannelHandlerContext.invokeChannelRead(AbstractChannelHandlerContext.java:442) ~[ViaProxy-3.4.2-SNAPSHOT.jar:?]
	at io.netty.channel.AbstractChannelHandlerContext.invokeChannelRead(AbstractChannelHandlerContext.java:420) ~[ViaProxy-3.4.2-SNAPSHOT.jar:?]
	at io.netty.channel.AbstractChannelHandlerContext.fireChannelRead(AbstractChannelHandlerContext.java:412) ~[ViaProxy-3.4.2-SNAPSHOT.jar:?]
	at io.netty.handler.flow.FlowControlHandler.dequeue(FlowControlHandler.java:202) ~[ViaProxy-3.4.2-SNAPSHOT.jar:?]
	at io.netty.handler.flow.FlowControlHandler.channelRead(FlowControlHandler.java:164) ~[ViaProxy-3.4.2-SNAPSHOT.jar:?]
	at io.netty.channel.AbstractChannelHandlerContext.invokeChannelRead(AbstractChannelHandlerContext.java:442) ~[ViaProxy-3.4.2-SNAPSHOT.jar:?]
	at io.netty.channel.AbstractChannelHandlerContext.invokeChannelRead(AbstractChannelHandlerContext.java:420) ~[ViaProxy-3.4.2-SNAPSHOT.jar:?]
	at io.netty.channel.AbstractChannelHandlerContext.fireChannelRead(AbstractChannelHandlerContext.java:412) ~[ViaProxy-3.4.2-SNAPSHOT.jar:?]
	at io.netty.handler.codec.ByteToMessageDecoder.fireChannelRead(ByteToMessageDecoder.java:346) ~[ViaProxy-3.4.2-SNAPSHOT.jar:?]
	at io.netty.handler.codec.ByteToMessageDecoder.fireChannelRead(ByteToMessageDecoder.java:333) ~[ViaProxy-3.4.2-SNAPSHOT.jar:?]
	at io.netty.handler.codec.ByteToMessageDecoder.callDecode(ByteToMessageDecoder.java:455) ~[ViaProxy-3.4.2-SNAPSHOT.jar:?]
	at io.netty.handler.codec.ByteToMessageDecoder.channelRead(ByteToMessageDecoder.java:290) ~[ViaProxy-3.4.2-SNAPSHOT.jar:?]
	at io.netty.handler.codec.ByteToMessageCodec.channelRead(ByteToMessageCodec.java:103) ~[ViaProxy-3.4.2-SNAPSHOT.jar:?]
	at io.netty.channel.AbstractChannelHandlerContext.invokeChannelRead(AbstractChannelHandlerContext.java:442) ~[ViaProxy-3.4.2-SNAPSHOT.jar:?]
	at io.netty.channel.AbstractChannelHandlerContext.invokeChannelRead(AbstractChannelHandlerContext.java:420) ~[ViaProxy-3.4.2-SNAPSHOT.jar:?]
	at io.netty.channel.AbstractChannelHandlerContext.fireChannelRead(AbstractChannelHandlerContext.java:412) ~[ViaProxy-3.4.2-SNAPSHOT.jar:?]
	at io.netty.handler.codec.ByteToMessageDecoder.fireChannelRead(ByteToMessageDecoder.java:346) ~[ViaProxy-3.4.2-SNAPSHOT.jar:?]
	at io.netty.handler.codec.ByteToMessageDecoder.channelRead(ByteToMessageDecoder.java:318) ~[ViaProxy-3.4.2-SNAPSHOT.jar:?]
	at io.netty.handler.codec.ByteToMessageCodec.channelRead(ByteToMessageCodec.java:103) ~[ViaProxy-3.4.2-SNAPSHOT.jar:?]
	at io.netty.channel.AbstractChannelHandlerContext.invokeChannelRead(AbstractChannelHandlerContext.java:442) ~[ViaProxy-3.4.2-SNAPSHOT.jar:?]
	at io.netty.channel.AbstractChannelHandlerContext.invokeChannelRead(AbstractChannelHandlerContext.java:420) ~[ViaProxy-3.4.2-SNAPSHOT.jar:?]
	at io.netty.channel.AbstractChannelHandlerContext.fireChannelRead(AbstractChannelHandlerContext.java:412) ~[ViaProxy-3.4.2-SNAPSHOT.jar:?]
	at io.netty.channel.DefaultChannelPipeline$HeadContext.channelRead(DefaultChannelPipeline.java:1357) ~[ViaProxy-3.4.2-SNAPSHOT.jar:?]
	at io.netty.channel.AbstractChannelHandlerContext.invokeChannelRead(AbstractChannelHandlerContext.java:440) ~[ViaProxy-3.4.2-SNAPSHOT.jar:?]
	at io.netty.channel.AbstractChannelHandlerContext.invokeChannelRead(AbstractChannelHandlerContext.java:420) ~[ViaProxy-3.4.2-SNAPSHOT.jar:?]
	at io.netty.channel.DefaultChannelPipeline.fireChannelRead(DefaultChannelPipeline.java:868) ~[ViaProxy-3.4.2-SNAPSHOT.jar:?]
	at io.netty.channel.epoll.AbstractEpollStreamChannel$EpollStreamUnsafe.epollInReady(AbstractEpollStreamChannel.java:799) ~[ViaProxy-3.4.2-SNAPSHOT.jar:?]
	at io.netty.channel.epoll.EpollEventLoop.processReady(EpollEventLoop.java:501) ~[ViaProxy-3.4.2-SNAPSHOT.jar:?]
	at io.netty.channel.epoll.EpollEventLoop.run(EpollEventLoop.java:399) ~[ViaProxy-3.4.2-SNAPSHOT.jar:?]
	at io.netty.util.concurrent.SingleThreadEventExecutor$4.run(SingleThreadEventExecutor.java:998) ~[ViaProxy-3.4.2-SNAPSHOT.jar:?]
	at io.netty.util.internal.ThreadExecutorMap$2.run(ThreadExecutorMap.java:74) ~[ViaProxy-3.4.2-SNAPSHOT.jar:?]
	at java.base/java.lang.Thread.run(Thread.java:1583) [?:?]
[11:42:37] [Netty Epoll Server Child IO #6/INFO] (ViaProxy) [PROXY KICK] (127.25.207.96:43935 | null) [0m[38;2;255;85;85mAn unhandled error occurred in your connection and it has been closed.
[0m[38;2;85;255;85mError details for report:[0m[38;2;255;255;255m
[0m[38;2;255;85;85mIllegalStateException[0m[38;2;170;170;170m: [0m[38;2;255;255;255mUnexpected packet in HANDSHAKING state[0m
[11:42:56] [Netty Epoll Server Child IO #0/ERROR] (ViaProxy) Caught unhandled netty exception
java.lang.IllegalStateException: Unexpected packet in HANDSHAKING state
	at net.raphimc.viaproxy.proxy.client2proxy.Client2ProxyHandler.channelRead0(Client2ProxyHandler.java:99) ~[ViaProxy-3.4.2-SNAPSHOT.jar:?]
	at net.raphimc.viaproxy.proxy.client2proxy.Client2ProxyHandler.channelRead0(Client2ProxyHandler.java:68) ~[ViaProxy-3.4.2-SNAPSHOT.jar:?]
	at io.netty.channel.SimpleChannelInboundHandler.channelRead(SimpleChannelInboundHandler.java:99) ~[ViaProxy-3.4.2-SNAPSHOT.jar:?]
	at io.netty.channel.AbstractChannelHandlerContext.invokeChannelRead(AbstractChannelHandlerContext.java:444) ~[ViaProxy-3.4.2-SNAPSHOT.jar:?]
	at io.netty.channel.AbstractChannelHandlerContext.invokeChannelRead(AbstractChannelHandlerContext.java:420) ~[ViaProxy-3.4.2-SNAPSHOT.jar:?]
	at io.netty.channel.AbstractChannelHandlerContext.fireChannelRead(AbstractChannelHandlerContext.java:412) ~[ViaProxy-3.4.2-SNAPSHOT.jar:?]
	at io.netty.handler.codec.ByteToMessageDecoder.fireChannelRead(ByteToMessageDecoder.java:346) ~[ViaProxy-3.4.2-SNAPSHOT.jar:?]
	at io.netty.handler.codec.ByteToMessageDecoder.channelRead(ByteToMessageDecoder.java:318) ~[ViaProxy-3.4.2-SNAPSHOT.jar:?]
	at io.netty.handler.codec.ByteToMessageCodec.channelRead(ByteToMessageCodec.java:103) ~[ViaProxy-3.4.2-SNAPSHOT.jar:?]
	at io.netty.channel.AbstractChannelHandlerContext.invokeChannelRead(AbstractChannelHandlerContext.java:442) ~[ViaProxy-3.4.2-SNAPSHOT.jar:?]
	at io.netty.channel.AbstractChannelHandlerContext.invokeChannelRead(AbstractChannelHandlerContext.java:420) ~[ViaProxy-3.4.2-SNAPSHOT.jar:?]
	at io.netty.channel.AbstractChannelHandlerContext.fireChannelRead(AbstractChannelHandlerContext.java:412) ~[ViaProxy-3.4.2-SNAPSHOT.jar:?]
	at io.netty.handler.flow.FlowControlHandler.dequeue(FlowControlHandler.java:202) ~[ViaProxy-3.4.2-SNAPSHOT.jar:?]
	at io.netty.handler.flow.FlowControlHandler.channelRead(FlowControlHandler.java:164) ~[ViaProxy-3.4.2-SNAPSHOT.jar:?]
	at io.netty.channel.AbstractChannelHandlerContext.invokeChannelRead(AbstractChannelHandlerContext.java:442) ~[ViaProxy-3.4.2-SNAPSHOT.jar:?]
	at io.netty.channel.AbstractChannelHandlerContext.invokeChannelRead(AbstractChannelHandlerContext.java:420) ~[ViaProxy-3.4.2-SNAPSHOT.jar:?]
	at io.netty.channel.AbstractChannelHandlerContext.fireChannelRead(AbstractChannelHandlerContext.java:412) ~[ViaProxy-3.4.2-SNAPSHOT.jar:?]
	at io.netty.handler.codec.ByteToMessageDecoder.fireChannelRead(ByteToMessageDecoder.java:346) ~[ViaProxy-3.4.2-SNAPSHOT.jar:?]
	at io.netty.handler.codec.ByteToMessageDecoder.channelRead(ByteToMessageDecoder.java:318) ~[ViaProxy-3.4.2-SNAPSHOT.jar:?]
	at io.netty.handler.codec.ByteToMessageCodec.channelRead(ByteToMessageCodec.java:103) ~[ViaProxy-3.4.2-SNAPSHOT.jar:?]
	at com.viaversion.vialoader.netty.ViaCodec.channelRead(ViaCodec.java:88) ~[ViaProxy-3.4.2-SNAPSHOT.jar:?]
	at net.raphimc.viaproxy.protocoltranslator.impl.ViaProxyViaCodec.channelRead(ViaProxyViaCodec.java:41) ~[ViaProxy-3.4.2-SNAPSHOT.jar:?]
	at io.netty.channel.AbstractChannelHandlerContext.invokeChannelRead(AbstractChannelHandlerContext.java:442) ~[ViaProxy-3.4.2-SNAPSHOT.jar:?]
	at io.netty.channel.AbstractChannelHandlerContext.invokeChannelRead(AbstractChannelHandlerContext.java:420) ~[ViaProxy-3.4.2-SNAPSHOT.jar:?]
	at io.netty.channel.AbstractChannelHandlerContext.fireChannelRead(AbstractChannelHandlerContext.java:412) ~[ViaProxy-3.4.2-SNAPSHOT.jar:?]
	at io.netty.handler.codec.ByteToMessageDecoder.fireChannelRead(ByteToMessageDecoder.java:346) ~[ViaProxy-3.4.2-SNAPSHOT.jar:?]
	at io.netty.handler.codec.ByteToMessageDecoder.channelRead(ByteToMessageDecoder.java:318) ~[ViaProxy-3.4.2-SNAPSHOT.jar:?]
	at io.netty.handler.codec.ByteToMessageCodec.channelRead(ByteToMessageCodec.java:103) ~[ViaProxy-3.4.2-SNAPSHOT.jar:?]
	at io.netty.channel.AbstractChannelHandlerContext.invokeChannelRead(AbstractChannelHandlerContext.java:442) ~[ViaProxy-3.4.2-SNAPSHOT.jar:?]
	at io.netty.channel.AbstractChannelHandlerContext.invokeChannelRead(AbstractChannelHandlerContext.java:420) ~[ViaProxy-3.4.2-SNAPSHOT.jar:?]
	at io.netty.channel.AbstractChannelHandlerContext.fireChannelRead(AbstractChannelHandlerContext.java:412) ~[ViaProxy-3.4.2-SNAPSHOT.jar:?]
	at io.netty.handler.flow.FlowControlHandler.dequeue(FlowControlHandler.java:202) ~[ViaProxy-3.4.2-SNAPSHOT.jar:?]
	at io.netty.handler.flow.FlowControlHandler.channelRead(FlowControlHandler.java:164) ~[ViaProxy-3.4.2-SNAPSHOT.jar:?]
	at io.netty.channel.AbstractChannelHandlerContext.invokeChannelRead(AbstractChannelHandlerContext.java:442) ~[ViaProxy-3.4.2-SNAPSHOT.jar:?]
	at io.netty.channel.AbstractChannelHandlerContext.invokeChannelRead(AbstractChannelHandlerContext.java:420) ~[ViaProxy-3.4.2-SNAPSHOT.jar:?]
	at io.netty.channel.AbstractChannelHandlerContext.fireChannelRead(AbstractChannelHandlerContext.java:412) ~[ViaProxy-3.4.2-SNAPSHOT.jar:?]
	at io.netty.handler.codec.ByteToMessageDecoder.fireChannelRead(ByteToMessageDecoder.java:346) ~[ViaProxy-3.4.2-SNAPSHOT.jar:?]
	at io.netty.handler.codec.ByteToMessageDecoder.fireChannelRead(ByteToMessageDecoder.java:333) ~[ViaProxy-3.4.2-SNAPSHOT.jar:?]
	at io.netty.handler.codec.ByteToMessageDecoder.callDecode(ByteToMessageDecoder.java:455) ~[ViaProxy-3.4.2-SNAPSHOT.jar:?]
	at io.netty.handler.codec.ByteToMessageDecoder.channelRead(ByteToMessageDecoder.java:290) ~[ViaProxy-3.4.2-SNAPSHOT.jar:?]
	at io.netty.handler.codec.ByteToMessageCodec.channelRead(ByteToMessageCodec.java:103) ~[ViaProxy-3.4.2-SNAPSHOT.jar:?]
	at io.netty.channel.AbstractChannelHandlerContext.invokeChannelRead(AbstractChannelHandlerContext.java:442) ~[ViaProxy-3.4.2-SNAPSHOT.jar:?]
	at io.netty.channel.AbstractChannelHandlerContext.invokeChannelRead(AbstractChannelHandlerContext.java:420) ~[ViaProxy-3.4.2-SNAPSHOT.jar:?]
	at io.netty.channel.AbstractChannelHandlerContext.fireChannelRead(AbstractChannelHandlerContext.java:412) ~[ViaProxy-3.4.2-SNAPSHOT.jar:?]
	at io.netty.handler.codec.ByteToMessageDecoder.fireChannelRead(ByteToMessageDecoder.java:346) ~[ViaProxy-3.4.2-SNAPSHOT.jar:?]
	at io.netty.handler.codec.ByteToMessageDecoder.channelRead(ByteToMessageDecoder.java:318) ~[ViaProxy-3.4.2-SNAPSHOT.jar:?]
	at io.netty.handler.codec.ByteToMessageCodec.channelRead(ByteToMessageCodec.java:103) ~[ViaProxy-3.4.2-SNAPSHOT.jar:?]
	at io.netty.channel.AbstractChannelHandlerContext.invokeChannelRead(AbstractChannelHandlerContext.java:442) ~[ViaProxy-3.4.2-SNAPSHOT.jar:?]
	at io.netty.channel.AbstractChannelHandlerContext.invokeChannelRead(AbstractChannelHandlerContext.java:420) ~[ViaProxy-3.4.2-SNAPSHOT.jar:?]
	at io.netty.channel.AbstractChannelHandlerContext.fireChannelRead(AbstractChannelHandlerContext.java:412) ~[ViaProxy-3.4.2-SNAPSHOT.jar:?]
	at io.netty.channel.DefaultChannelPipeline$HeadContext.channelRead(DefaultChannelPipeline.java:1357) ~[ViaProxy-3.4.2-SNAPSHOT.jar:?]
	at io.netty.channel.AbstractChannelHandlerContext.invokeChannelRead(AbstractChannelHandlerContext.java:440) ~[ViaProxy-3.4.2-SNAPSHOT.jar:?]
	at io.netty.channel.AbstractChannelHandlerContext.invokeChannelRead(AbstractChannelHandlerContext.java:420) ~[ViaProxy-3.4.2-SNAPSHOT.jar:?]
	at io.netty.channel.DefaultChannelPipeline.fireChannelRead(DefaultChannelPipeline.java:868) ~[ViaProxy-3.4.2-SNAPSHOT.jar:?]
	at io.netty.channel.epoll.AbstractEpollStreamChannel$EpollStreamUnsafe.epollInReady(AbstractEpollStreamChannel.java:799) ~[ViaProxy-3.4.2-SNAPSHOT.jar:?]
	at io.netty.channel.epoll.EpollEventLoop.processReady(EpollEventLoop.java:501) ~[ViaProxy-3.4.2-SNAPSHOT.jar:?]
	at io.netty.channel.epoll.EpollEventLoop.run(EpollEventLoop.java:399) ~[ViaProxy-3.4.2-SNAPSHOT.jar:?]
	at io.netty.util.concurrent.SingleThreadEventExecutor$4.run(SingleThreadEventExecutor.java:998) ~[ViaProxy-3.4.2-SNAPSHOT.jar:?]
	at io.netty.util.internal.ThreadExecutorMap$2.run(ThreadExecutorMap.java:74) ~[ViaProxy-3.4.2-SNAPSHOT.jar:?]
	at java.base/java.lang.Thread.run(Thread.java:1583) [?:?]
[11:42:56] [Netty Epoll Server Child IO #0/INFO] (ViaProxy) [PROXY KICK] (127.51.221.37:60021 | null) [0m[38;2;255;85;85mAn unhandled error occurred in your connection and it has been closed.
[0m[38;2;85;255;85mError details for report:[0m[38;2;255;255;255m
[0m[38;2;255;85;85mIllegalStateException[0m[38;2;170;170;170m: [0m[38;2;255;255;255mUnexpected packet in HANDSHAKING state[0m
[11:43:05] [Netty Epoll Server Child IO #2/ERROR] (ViaProxy) Caught unhandled netty exception
java.lang.IllegalStateException: Unexpected packet in HANDSHAKING state
	at net.raphimc.viaproxy.proxy.client2proxy.Client2ProxyHandler.channelRead0(Client2ProxyHandler.java:99) ~[ViaProxy-3.4.2-SNAPSHOT.jar:?]
	at net.raphimc.viaproxy.proxy.client2proxy.Client2ProxyHandler.channelRead0(Client2ProxyHandler.java:68) ~[ViaProxy-3.4.2-SNAPSHOT.jar:?]
	at io.netty.channel.SimpleChannelInboundHandler.channelRead(SimpleChannelInboundHandler.java:99) ~[ViaProxy-3.4.2-SNAPSHOT.jar:?]
	at io.netty.channel.AbstractChannelHandlerContext.invokeChannelRead(AbstractChannelHandlerContext.java:444) ~[ViaProxy-3.4.2-SNAPSHOT.jar:?]
	at io.netty.channel.AbstractChannelHandlerContext.invokeChannelRead(AbstractChannelHandlerContext.java:420) ~[ViaProxy-3.4.2-SNAPSHOT.jar:?]
	at io.netty.channel.AbstractChannelHandlerContext.fireChannelRead(AbstractChannelHandlerContext.java:412) ~[ViaProxy-3.4.2-SNAPSHOT.jar:?]
	at io.netty.handler.codec.ByteToMessageDecoder.fireChannelRead(ByteToMessageDecoder.java:346) ~[ViaProxy-3.4.2-SNAPSHOT.jar:?]
	at io.netty.handler.codec.ByteToMessageDecoder.channelRead(ByteToMessageDecoder.java:318) ~[ViaProxy-3.4.2-SNAPSHOT.jar:?]
	at io.netty.handler.codec.ByteToMessageCodec.channelRead(ByteToMessageCodec.java:103) ~[ViaProxy-3.4.2-SNAPSHOT.jar:?]
	at io.netty.channel.AbstractChannelHandlerContext.invokeChannelRead(AbstractChannelHandlerContext.java:442) ~[ViaProxy-3.4.2-SNAPSHOT.jar:?]
	at io.netty.channel.AbstractChannelHandlerContext.invokeChannelRead(AbstractChannelHandlerContext.java:420) ~[ViaProxy-3.4.2-SNAPSHOT.jar:?]
	at io.netty.channel.AbstractChannelHandlerContext.fireChannelRead(AbstractChannelHandlerContext.java:412) ~[ViaProxy-3.4.2-SNAPSHOT.jar:?]
	at io.netty.handler.flow.FlowControlHandler.dequeue(FlowControlHandler.java:202) ~[ViaProxy-3.4.2-SNAPSHOT.jar:?]
	at io.netty.handler.flow.FlowControlHandler.channelRead(FlowControlHandler.java:164) ~[ViaProxy-3.4.2-SNAPSHOT.jar:?]
	at io.netty.channel.AbstractChannelHandlerContext.invokeChannelRead(AbstractChannelHandlerContext.java:442) ~[ViaProxy-3.4.2-SNAPSHOT.jar:?]
	at io.netty.channel.AbstractChannelHandlerContext.invokeChannelRead(AbstractChannelHandlerContext.java:420) ~[ViaProxy-3.4.2-SNAPSHOT.jar:?]
	at io.netty.channel.AbstractChannelHandlerContext.fireChannelRead(AbstractChannelHandlerContext.java:412) ~[ViaProxy-3.4.2-SNAPSHOT.jar:?]
	at io.netty.handler.codec.ByteToMessageDecoder.fireChannelRead(ByteToMessageDecoder.java:346) ~[ViaProxy-3.4.2-SNAPSHOT.jar:?]
	at io.netty.handler.codec.ByteToMessageDecoder.channelRead(ByteToMessageDecoder.java:318) ~[ViaProxy-3.4.2-SNAPSHOT.jar:?]
	at io.netty.handler.codec.ByteToMessageCodec.channelRead(ByteToMessageCodec.java:103) ~[ViaProxy-3.4.2-SNAPSHOT.jar:?]
	at com.viaversion.vialoader.netty.ViaCodec.channelRead(ViaCodec.java:88) ~[ViaProxy-3.4.2-SNAPSHOT.jar:?]
	at net.raphimc.viaproxy.protocoltranslator.impl.ViaProxyViaCodec.channelRead(ViaProxyViaCodec.java:41) ~[ViaProxy-3.4.2-SNAPSHOT.jar:?]
	at io.netty.channel.AbstractChannelHandlerContext.invokeChannelRead(AbstractChannelHandlerContext.java:442) ~[ViaProxy-3.4.2-SNAPSHOT.jar:?]
	at io.netty.channel.AbstractChannelHandlerContext.invokeChannelRead(AbstractChannelHandlerContext.java:420) ~[ViaProxy-3.4.2-SNAPSHOT.jar:?]
	at io.netty.channel.AbstractChannelHandlerContext.fireChannelRead(AbstractChannelHandlerContext.java:412) ~[ViaProxy-3.4.2-SNAPSHOT.jar:?]
	at io.netty.handler.codec.ByteToMessageDecoder.fireChannelRead(ByteToMessageDecoder.java:346) ~[ViaProxy-3.4.2-SNAPSHOT.jar:?]
	at io.netty.handler.codec.ByteToMessageDecoder.channelRead(ByteToMessageDecoder.java:318) ~[ViaProxy-3.4.2-SNAPSHOT.jar:?]
	at io.netty.handler.codec.ByteToMessageCodec.channelRead(ByteToMessageCodec.java:103) ~[ViaProxy-3.4.2-SNAPSHOT.jar:?]
	at io.netty.channel.AbstractChannelHandlerContext.invokeChannelRead(AbstractChannelHandlerContext.java:442) ~[ViaProxy-3.4.2-SNAPSHOT.jar:?]
	at io.netty.channel.AbstractChannelHandlerContext.invokeChannelRead(AbstractChannelHandlerContext.java:420) ~[ViaProxy-3.4.2-SNAPSHOT.jar:?]
	at io.netty.channel.AbstractChannelHandlerContext.fireChannelRead(AbstractChannelHandlerContext.java:412) ~[ViaProxy-3.4.2-SNAPSHOT.jar:?]
	at io.netty.handler.flow.FlowControlHandler.dequeue(FlowControlHandler.java:202) ~[ViaProxy-3.4.2-SNAPSHOT.jar:?]
	at io.netty.handler.flow.FlowControlHandler.channelRead(FlowControlHandler.java:164) ~[ViaProxy-3.4.2-SNAPSHOT.jar:?]
	at io.netty.channel.AbstractChannelHandlerContext.invokeChannelRead(AbstractChannelHandlerContext.java:442) ~[ViaProxy-3.4.2-SNAPSHOT.jar:?]
	at io.netty.channel.AbstractChannelHandlerContext.invokeChannelRead(AbstractChannelHandlerContext.java:420) ~[ViaProxy-3.4.2-SNAPSHOT.jar:?]
	at io.netty.channel.AbstractChannelHandlerContext.fireChannelRead(AbstractChannelHandlerContext.java:412) ~[ViaProxy-3.4.2-SNAPSHOT.jar:?]
	at io.netty.handler.codec.ByteToMessageDecoder.fireChannelRead(ByteToMessageDecoder.java:346) ~[ViaProxy-3.4.2-SNAPSHOT.jar:?]
	at io.netty.handler.codec.ByteToMessageDecoder.fireChannelRead(ByteToMessageDecoder.java:333) ~[ViaProxy-3.4.2-SNAPSHOT.jar:?]
	at io.netty.handler.codec.ByteToMessageDecoder.callDecode(ByteToMessageDecoder.java:455) ~[ViaProxy-3.4.2-SNAPSHOT.jar:?]
	at io.netty.handler.codec.ByteToMessageDecoder.channelRead(ByteToMessageDecoder.java:290) ~[ViaProxy-3.4.2-SNAPSHOT.jar:?]
	at io.netty.handler.codec.ByteToMessageCodec.channelRead(ByteToMessageCodec.java:103) ~[ViaProxy-3.4.2-SNAPSHOT.jar:?]
	at io.netty.channel.AbstractChannelHandlerContext.invokeChannelRead(AbstractChannelHandlerContext.java:442) ~[ViaProxy-3.4.2-SNAPSHOT.jar:?]
	at io.netty.channel.AbstractChannelHandlerContext.invokeChannelRead(AbstractChannelHandlerContext.java:420) ~[ViaProxy-3.4.2-SNAPSHOT.jar:?]
	at io.netty.channel.AbstractChannelHandlerContext.fireChannelRead(AbstractChannelHandlerContext.java:412) ~[ViaProxy-3.4.2-SNAPSHOT.jar:?]
	at io.netty.handler.codec.ByteToMessageDecoder.fireChannelRead(ByteToMessageDecoder.java:346) ~[ViaProxy-3.4.2-SNAPSHOT.jar:?]
	at io.netty.handler.codec.ByteToMessageDecoder.channelRead(ByteToMessageDecoder.java:318) ~[ViaProxy-3.4.2-SNAPSHOT.jar:?]
	at io.netty.handler.codec.ByteToMessageCodec.channelRead(ByteToMessageCodec.java:103) ~[ViaProxy-3.4.2-SNAPSHOT.jar:?]
	at io.netty.channel.AbstractChannelHandlerContext.invokeChannelRead(AbstractChannelHandlerContext.java:442) ~[ViaProxy-3.4.2-SNAPSHOT.jar:?]
	at io.netty.channel.AbstractChannelHandlerContext.invokeChannelRead(AbstractChannelHandlerContext.java:420) ~[ViaProxy-3.4.2-SNAPSHOT.jar:?]
	at io.netty.channel.AbstractChannelHandlerContext.fireChannelRead(AbstractChannelHandlerContext.java:412) ~[ViaProxy-3.4.2-SNAPSHOT.jar:?]
	at io.netty.channel.DefaultChannelPipeline$HeadContext.channelRead(DefaultChannelPipeline.java:1357) ~[ViaProxy-3.4.2-SNAPSHOT.jar:?]
	at io.netty.channel.AbstractChannelHandlerContext.invokeChannelRead(AbstractChannelHandlerContext.java:440) ~[ViaProxy-3.4.2-SNAPSHOT.jar:?]
	at io.netty.channel.AbstractChannelHandlerContext.invokeChannelRead(AbstractChannelHandlerContext.java:420) ~[ViaProxy-3.4.2-SNAPSHOT.jar:?]
	at io.netty.channel.DefaultChannelPipeline.fireChannelRead(DefaultChannelPipeline.java:868) ~[ViaProxy-3.4.2-SNAPSHOT.jar:?]
	at io.netty.channel.epoll.AbstractEpollStreamChannel$EpollStreamUnsafe.epollInReady(AbstractEpollStreamChannel.java:799) ~[ViaProxy-3.4.2-SNAPSHOT.jar:?]
	at io.netty.channel.epoll.EpollEventLoop.processReady(EpollEventLoop.java:501) ~[ViaProxy-3.4.2-SNAPSHOT.jar:?]
	at io.netty.channel.epoll.EpollEventLoop.run(EpollEventLoop.java:399) ~[ViaProxy-3.4.2-SNAPSHOT.jar:?]
	at io.netty.util.concurrent.SingleThreadEventExecutor$4.run(SingleThreadEventExecutor.java:998) ~[ViaProxy-3.4.2-SNAPSHOT.jar:?]
	at io.netty.util.internal.ThreadExecutorMap$2.run(ThreadExecutorMap.java:74) ~[ViaProxy-3.4.2-SNAPSHOT.jar:?]
	at java.base/java.lang.Thread.run(Thread.java:1583) [?:?]
[11:43:05] [Netty Epoll Server Child IO #2/INFO] (ViaProxy) [PROXY KICK] (127.246.4.109:52741 | null) [0m[38;2;255;85;85mAn unhandled error occurred in your connection and it has been closed.
[0m[38;2;85;255;85mError details for report:[0m[38;2;255;255;255m
[0m[38;2;255;85;85mIllegalStateException[0m[38;2;170;170;170m: [0m[38;2;255;255;255mUnexpected packet in HANDSHAKING state[0m
[11:43:18] [Netty Epoll Client IO #3/INFO] (ViaProxy) [PROXY KICK] (127.0.0.1:34398 | null) [0m[38;2;255;85;85mCould not connect to the backend server![0m
[11:43:57] [Netty Epoll Server Child IO #4/ERROR] (ViaProxy) Caught unhandled netty exception
java.lang.IllegalStateException: Unexpected packet in HANDSHAKING state
	at net.raphimc.viaproxy.proxy.client2proxy.Client2ProxyHandler.channelRead0(Client2ProxyHandler.java:99) ~[ViaProxy-3.4.2-SNAPSHOT.jar:?]
	at net.raphimc.viaproxy.proxy.client2proxy.Client2ProxyHandler.channelRead0(Client2ProxyHandler.java:68) ~[ViaProxy-3.4.2-SNAPSHOT.jar:?]
	at io.netty.channel.SimpleChannelInboundHandler.channelRead(SimpleChannelInboundHandler.java:99) ~[ViaProxy-3.4.2-SNAPSHOT.jar:?]
	at io.netty.channel.AbstractChannelHandlerContext.invokeChannelRead(AbstractChannelHandlerContext.java:444) ~[ViaProxy-3.4.2-SNAPSHOT.jar:?]
	at io.netty.channel.AbstractChannelHandlerContext.invokeChannelRead(AbstractChannelHandlerContext.java:420) ~[ViaProxy-3.4.2-SNAPSHOT.jar:?]
	at io.netty.channel.AbstractChannelHandlerContext.fireChannelRead(AbstractChannelHandlerContext.java:412) ~[ViaProxy-3.4.2-SNAPSHOT.jar:?]
	at io.netty.handler.codec.ByteToMessageDecoder.fireChannelRead(ByteToMessageDecoder.java:346) ~[ViaProxy-3.4.2-SNAPSHOT.jar:?]
	at io.netty.handler.codec.ByteToMessageDecoder.channelRead(ByteToMessageDecoder.java:318) ~[ViaProxy-3.4.2-SNAPSHOT.jar:?]
	at io.netty.handler.codec.ByteToMessageCodec.channelRead(ByteToMessageCodec.java:103) ~[ViaProxy-3.4.2-SNAPSHOT.jar:?]
	at io.netty.channel.AbstractChannelHandlerContext.invokeChannelRead(AbstractChannelHandlerContext.java:442) ~[ViaProxy-3.4.2-SNAPSHOT.jar:?]
	at io.netty.channel.AbstractChannelHandlerContext.invokeChannelRead(AbstractChannelHandlerContext.java:420) ~[ViaProxy-3.4.2-SNAPSHOT.jar:?]
	at io.netty.channel.AbstractChannelHandlerContext.fireChannelRead(AbstractChannelHandlerContext.java:412) ~[ViaProxy-3.4.2-SNAPSHOT.jar:?]
	at io.netty.handler.flow.FlowControlHandler.dequeue(FlowControlHandler.java:202) ~[ViaProxy-3.4.2-SNAPSHOT.jar:?]
	at io.netty.handler.flow.FlowControlHandler.channelRead(FlowControlHandler.java:164) ~[ViaProxy-3.4.2-SNAPSHOT.jar:?]
	at io.netty.channel.AbstractChannelHandlerContext.invokeChannelRead(AbstractChannelHandlerContext.java:442) ~[ViaProxy-3.4.2-SNAPSHOT.jar:?]
	at io.netty.channel.AbstractChannelHandlerContext.invokeChannelRead(AbstractChannelHandlerContext.java:420) ~[ViaProxy-3.4.2-SNAPSHOT.jar:?]
	at io.netty.channel.AbstractChannelHandlerContext.fireChannelRead(AbstractChannelHandlerContext.java:412) ~[ViaProxy-3.4.2-SNAPSHOT.jar:?]
	at io.netty.handler.codec.ByteToMessageDecoder.fireChannelRead(ByteToMessageDecoder.java:346) ~[ViaProxy-3.4.2-SNAPSHOT.jar:?]
	at io.netty.handler.codec.ByteToMessageDecoder.channelRead(ByteToMessageDecoder.java:318) ~[ViaProxy-3.4.2-SNAPSHOT.jar:?]
	at io.netty.handler.codec.ByteToMessageCodec.channelRead(ByteToMessageCodec.java:103) ~[ViaProxy-3.4.2-SNAPSHOT.jar:?]
	at com.viaversion.vialoader.netty.ViaCodec.channelRead(ViaCodec.java:88) ~[ViaProxy-3.4.2-SNAPSHOT.jar:?]
	at net.raphimc.viaproxy.protocoltranslator.impl.ViaProxyViaCodec.channelRead(ViaProxyViaCodec.java:41) ~[ViaProxy-3.4.2-SNAPSHOT.jar:?]
	at io.netty.channel.AbstractChannelHandlerContext.invokeChannelRead(AbstractChannelHandlerContext.java:442) ~[ViaProxy-3.4.2-SNAPSHOT.jar:?]
	at io.netty.channel.AbstractChannelHandlerContext.invokeChannelRead(AbstractChannelHandlerContext.java:420) ~[ViaProxy-3.4.2-SNAPSHOT.jar:?]
	at io.netty.channel.AbstractChannelHandlerContext.fireChannelRead(AbstractChannelHandlerContext.java:412) ~[ViaProxy-3.4.2-SNAPSHOT.jar:?]
	at io.netty.handler.codec.ByteToMessageDecoder.fireChannelRead(ByteToMessageDecoder.java:346) ~[ViaProxy-3.4.2-SNAPSHOT.jar:?]
	at io.netty.handler.codec.ByteToMessageDecoder.channelRead(ByteToMessageDecoder.java:318) ~[ViaProxy-3.4.2-SNAPSHOT.jar:?]
	at io.netty.handler.codec.ByteToMessageCodec.channelRead(ByteToMessageCodec.java:103) ~[ViaProxy-3.4.2-SNAPSHOT.jar:?]
	at io.netty.channel.AbstractChannelHandlerContext.invokeChannelRead(AbstractChannelHandlerContext.java:442) ~[ViaProxy-3.4.2-SNAPSHOT.jar:?]
	at io.netty.channel.AbstractChannelHandlerContext.invokeChannelRead(AbstractChannelHandlerContext.java:420) ~[ViaProxy-3.4.2-SNAPSHOT.jar:?]
	at io.netty.channel.AbstractChannelHandlerContext.fireChannelRead(AbstractChannelHandlerContext.java:412) ~[ViaProxy-3.4.2-SNAPSHOT.jar:?]
	at io.netty.handler.flow.FlowControlHandler.dequeue(FlowControlHandler.java:202) ~[ViaProxy-3.4.2-SNAPSHOT.jar:?]
	at io.netty.handler.flow.FlowControlHandler.channelRead(FlowControlHandler.java:164) ~[ViaProxy-3.4.2-SNAPSHOT.jar:?]
	at io.netty.channel.AbstractChannelHandlerContext.invokeChannelRead(AbstractChannelHandlerContext.java:442) ~[ViaProxy-3.4.2-SNAPSHOT.jar:?]
	at io.netty.channel.AbstractChannelHandlerContext.invokeChannelRead(AbstractChannelHandlerContext.java:420) ~[ViaProxy-3.4.2-SNAPSHOT.jar:?]
	at io.netty.channel.AbstractChannelHandlerContext.fireChannelRead(AbstractChannelHandlerContext.java:412) ~[ViaProxy-3.4.2-SNAPSHOT.jar:?]
	at io.netty.handler.codec.ByteToMessageDecoder.fireChannelRead(ByteToMessageDecoder.java:346) ~[ViaProxy-3.4.2-SNAPSHOT.jar:?]
	at io.netty.handler.codec.ByteToMessageDecoder.fireChannelRead(ByteToMessageDecoder.java:333) ~[ViaProxy-3.4.2-SNAPSHOT.jar:?]
	at io.netty.handler.codec.ByteToMessageDecoder.callDecode(ByteToMessageDecoder.java:455) ~[ViaProxy-3.4.2-SNAPSHOT.jar:?]
	at io.netty.handler.codec.ByteToMessageDecoder.channelRead(ByteToMessageDecoder.java:290) ~[ViaProxy-3.4.2-SNAPSHOT.jar:?]
	at io.netty.handler.codec.ByteToMessageCodec.channelRead(ByteToMessageCodec.java:103) ~[ViaProxy-3.4.2-SNAPSHOT.jar:?]
	at io.netty.channel.AbstractChannelHandlerContext.invokeChannelRead(AbstractChannelHandlerContext.java:442) ~[ViaProxy-3.4.2-SNAPSHOT.jar:?]
	at io.netty.channel.AbstractChannelHandlerContext.invokeChannelRead(AbstractChannelHandlerContext.java:420) ~[ViaProxy-3.4.2-SNAPSHOT.jar:?]
	at io.netty.channel.AbstractChannelHandlerContext.fireChannelRead(AbstractChannelHandlerContext.java:412) ~[ViaProxy-3.4.2-SNAPSHOT.jar:?]
	at io.netty.handler.codec.ByteToMessageDecoder.fireChannelRead(ByteToMessageDecoder.java:346) ~[ViaProxy-3.4.2-SNAPSHOT.jar:?]
	at io.netty.handler.codec.ByteToMessageDecoder.channelRead(ByteToMessageDecoder.java:318) ~[ViaProxy-3.4.2-SNAPSHOT.jar:?]
	at io.netty.handler.codec.ByteToMessageCodec.channelRead(ByteToMessageCodec.java:103) ~[ViaProxy-3.4.2-SNAPSHOT.jar:?]
	at io.netty.channel.AbstractChannelHandlerContext.invokeChannelRead(AbstractChannelHandlerContext.java:442) ~[ViaProxy-3.4.2-SNAPSHOT.jar:?]
	at io.netty.channel.AbstractChannelHandlerContext.invokeChannelRead(AbstractChannelHandlerContext.java:420) ~[ViaProxy-3.4.2-SNAPSHOT.jar:?]
	at io.netty.channel.AbstractChannelHandlerContext.fireChannelRead(AbstractChannelHandlerContext.java:412) ~[ViaProxy-3.4.2-SNAPSHOT.jar:?]
	at io.netty.channel.DefaultChannelPipeline$HeadContext.channelRead(DefaultChannelPipeline.java:1357) ~[ViaProxy-3.4.2-SNAPSHOT.jar:?]
	at io.netty.channel.AbstractChannelHandlerContext.invokeChannelRead(AbstractChannelHandlerContext.java:440) ~[ViaProxy-3.4.2-SNAPSHOT.jar:?]
	at io.netty.channel.AbstractChannelHandlerContext.invokeChannelRead(AbstractChannelHandlerContext.java:420) ~[ViaProxy-3.4.2-SNAPSHOT.jar:?]
	at io.netty.channel.DefaultChannelPipeline.fireChannelRead(DefaultChannelPipeline.java:868) ~[ViaProxy-3.4.2-SNAPSHOT.jar:?]
	at io.netty.channel.epoll.AbstractEpollStreamChannel$EpollStreamUnsafe.epollInReady(AbstractEpollStreamChannel.java:799) ~[ViaProxy-3.4.2-SNAPSHOT.jar:?]
	at io.netty.channel.epoll.EpollEventLoop.processReady(EpollEventLoop.java:501) ~[ViaProxy-3.4.2-SNAPSHOT.jar:?]
	at io.netty.channel.epoll.EpollEventLoop.run(EpollEventLoop.java:399) ~[ViaProxy-3.4.2-SNAPSHOT.jar:?]
	at io.netty.util.concurrent.SingleThreadEventExecutor$4.run(SingleThreadEventExecutor.java:998) ~[ViaProxy-3.4.2-SNAPSHOT.jar:?]
	at io.netty.util.internal.ThreadExecutorMap$2.run(ThreadExecutorMap.java:74) ~[ViaProxy-3.4.2-SNAPSHOT.jar:?]
	at java.base/java.lang.Thread.run(Thread.java:1583) [?:?]
[11:43:57] [Netty Epoll Server Child IO #4/INFO] (ViaProxy) [PROXY KICK] (127.51.221.37:36659 | null) [0m[38;2;255;85;85mAn unhandled error occurred in your connection and it has been closed.
[0m[38;2;85;255;85mError details for report:[0m[38;2;255;255;255m
[0m[38;2;255;85;85mIllegalStateException[0m[38;2;170;170;170m: [0m[38;2;255;255;255mUnexpected packet in HANDSHAKING state[0m
[11:44:09] [ForkJoinPool.commonPool-worker-4/INFO] (ViaProxy) [CONNECT] (127.0.0.1:34580 | null) [1.8.x <-> 1.21-1.21.1] Connecting to 127.0.0.1:25565
[11:44:09] [Netty Epoll Server Child IO #5/INFO] (ViaProxy) [AUTH] (127.0.0.1:34580 | SJotoso9) Filling player data
[11:44:09] [Netty Epoll Client IO #4/INFO] (ViaProxy) [SESSION] (127.0.0.1:34580 | SJotoso9) Connected successfully! Switching to PLAY state
[11:44:09] [Netty Epoll Client IO #4/WARN] (ViaVersion) (1.17->1.16.4) Increased world height is NOT SUPPORTED for 1.16 players and below. They will see a void below y 0 and above 256. You can enable the `bedrock-at-y-0` config option to replace the air with a bedrock layer.
[11:44:10] [Netty Epoll Client IO #4/WARN] (ViaVersion) (1.13->1.12.2) Ignoring plugin channel in serverbound REGISTER: EAG|1.8
[11:44:10] [Netty Epoll Client IO #4/WARN] (ViaVersion) (1.13->1.12.2) Ignoring plugin channel in serverbound REGISTER: EAG|GetDomain
[11:44:10] [Netty Epoll Client IO #4/WARN] (ViaVersion) (1.13->1.12.2) Ignoring plugin channel in serverbound REGISTER: EAG|Voice-1.8
[11:44:10] [Netty Epoll Client IO #4/WARN] (ViaVersion) (1.13->1.12.2) Ignoring plugin channel in serverbound REGISTER: EAG|UpdateCert-1.8
[11:44:10] [Netty Epoll Client IO #4/WARN] (ViaVersion) (1.13->1.12.2) Ignoring plugin channel in serverbound REGISTER: EAG|1.8-RPC
[11:44:10] [Netty Epoll Client IO #4/WARN] (ViaVersion) (1.13->1.12.2) Ignoring plugin channel in serverbound REGISTER: EAG|Skins-1.8
[11:44:10] [Netty Epoll Client IO #4/WARN] (ViaVersion) (1.13->1.12.2) Ignoring plugin channel in serverbound REGISTER: EAG|1.8-Ready
[11:44:10] [Netty Epoll Client IO #4/WARN] (ViaVersion) (1.13->1.12.2) Ignoring plugin channel in serverbound REGISTER: EAG|FNAWSEn-1.8
[11:44:10] [Netty Epoll Client IO #4/WARN] (ViaVersion) (1.13->1.12.2) Ignoring plugin channel in serverbound REGISTER: EAG|Capes-1.8
[11:44:10] [Netty Epoll Client IO #4/WARN] (ViaVersion) (1.13->1.12.2) Ignoring serverbound plugin message with channel: EAG|1.8-Ready
[11:45:00] [Netty Epoll Client IO #4/INFO] (ViaProxy) [DISCONNECT] (127.0.0.1:34580 | SJotoso9) Connection closed
[11:46:33] [Netty Epoll Server Child IO #2/ERROR] (ViaProxy) Caught unhandled netty exception
java.lang.IllegalStateException: Unexpected packet in HANDSHAKING state
	at net.raphimc.viaproxy.proxy.client2proxy.Client2ProxyHandler.channelRead0(Client2ProxyHandler.java:99) ~[ViaProxy-3.4.2-SNAPSHOT.jar:?]
	at net.raphimc.viaproxy.proxy.client2proxy.Client2ProxyHandler.channelRead0(Client2ProxyHandler.java:68) ~[ViaProxy-3.4.2-SNAPSHOT.jar:?]
	at io.netty.channel.SimpleChannelInboundHandler.channelRead(SimpleChannelInboundHandler.java:99) ~[ViaProxy-3.4.2-SNAPSHOT.jar:?]
	at io.netty.channel.AbstractChannelHandlerContext.invokeChannelRead(AbstractChannelHandlerContext.java:444) ~[ViaProxy-3.4.2-SNAPSHOT.jar:?]
	at io.netty.channel.AbstractChannelHandlerContext.invokeChannelRead(AbstractChannelHandlerContext.java:420) ~[ViaProxy-3.4.2-SNAPSHOT.jar:?]
	at io.netty.channel.AbstractChannelHandlerContext.fireChannelRead(AbstractChannelHandlerContext.java:412) ~[ViaProxy-3.4.2-SNAPSHOT.jar:?]
	at io.netty.handler.codec.ByteToMessageDecoder.fireChannelRead(ByteToMessageDecoder.java:346) ~[ViaProxy-3.4.2-SNAPSHOT.jar:?]
	at io.netty.handler.codec.ByteToMessageDecoder.channelRead(ByteToMessageDecoder.java:318) ~[ViaProxy-3.4.2-SNAPSHOT.jar:?]
	at io.netty.handler.codec.ByteToMessageCodec.channelRead(ByteToMessageCodec.java:103) ~[ViaProxy-3.4.2-SNAPSHOT.jar:?]
	at io.netty.channel.AbstractChannelHandlerContext.invokeChannelRead(AbstractChannelHandlerContext.java:442) ~[ViaProxy-3.4.2-SNAPSHOT.jar:?]
	at io.netty.channel.AbstractChannelHandlerContext.invokeChannelRead(AbstractChannelHandlerContext.java:420) ~[ViaProxy-3.4.2-SNAPSHOT.jar:?]
	at io.netty.channel.AbstractChannelHandlerContext.fireChannelRead(AbstractChannelHandlerContext.java:412) ~[ViaProxy-3.4.2-SNAPSHOT.jar:?]
	at io.netty.handler.flow.FlowControlHandler.dequeue(FlowControlHandler.java:202) ~[ViaProxy-3.4.2-SNAPSHOT.jar:?]
	at io.netty.handler.flow.FlowControlHandler.channelRead(FlowControlHandler.java:164) ~[ViaProxy-3.4.2-SNAPSHOT.jar:?]
	at io.netty.channel.AbstractChannelHandlerContext.invokeChannelRead(AbstractChannelHandlerContext.java:442) ~[ViaProxy-3.4.2-SNAPSHOT.jar:?]
	at io.netty.channel.AbstractChannelHandlerContext.invokeChannelRead(AbstractChannelHandlerContext.java:420) ~[ViaProxy-3.4.2-SNAPSHOT.jar:?]
	at io.netty.channel.AbstractChannelHandlerContext.fireChannelRead(AbstractChannelHandlerContext.java:412) ~[ViaProxy-3.4.2-SNAPSHOT.jar:?]
	at io.netty.handler.codec.ByteToMessageDecoder.fireChannelRead(ByteToMessageDecoder.java:346) ~[ViaProxy-3.4.2-SNAPSHOT.jar:?]
	at io.netty.handler.codec.ByteToMessageDecoder.channelRead(ByteToMessageDecoder.java:318) ~[ViaProxy-3.4.2-SNAPSHOT.jar:?]
	at io.netty.handler.codec.ByteToMessageCodec.channelRead(ByteToMessageCodec.java:103) ~[ViaProxy-3.4.2-SNAPSHOT.jar:?]
	at com.viaversion.vialoader.netty.ViaCodec.channelRead(ViaCodec.java:88) ~[ViaProxy-3.4.2-SNAPSHOT.jar:?]
	at net.raphimc.viaproxy.protocoltranslator.impl.ViaProxyViaCodec.channelRead(ViaProxyViaCodec.java:41) ~[ViaProxy-3.4.2-SNAPSHOT.jar:?]
	at io.netty.channel.AbstractChannelHandlerContext.invokeChannelRead(AbstractChannelHandlerContext.java:442) ~[ViaProxy-3.4.2-SNAPSHOT.jar:?]
	at io.netty.channel.AbstractChannelHandlerContext.invokeChannelRead(AbstractChannelHandlerContext.java:420) ~[ViaProxy-3.4.2-SNAPSHOT.jar:?]
	at io.netty.channel.AbstractChannelHandlerContext.fireChannelRead(AbstractChannelHandlerContext.java:412) ~[ViaProxy-3.4.2-SNAPSHOT.jar:?]
	at io.netty.handler.codec.ByteToMessageDecoder.fireChannelRead(ByteToMessageDecoder.java:346) ~[ViaProxy-3.4.2-SNAPSHOT.jar:?]
	at io.netty.handler.codec.ByteToMessageDecoder.channelRead(ByteToMessageDecoder.java:318) ~[ViaProxy-3.4.2-SNAPSHOT.jar:?]
	at io.netty.handler.codec.ByteToMessageCodec.channelRead(ByteToMessageCodec.java:103) ~[ViaProxy-3.4.2-SNAPSHOT.jar:?]
	at io.netty.channel.AbstractChannelHandlerContext.invokeChannelRead(AbstractChannelHandlerContext.java:442) ~[ViaProxy-3.4.2-SNAPSHOT.jar:?]
	at io.netty.channel.AbstractChannelHandlerContext.invokeChannelRead(AbstractChannelHandlerContext.java:420) ~[ViaProxy-3.4.2-SNAPSHOT.jar:?]
	at io.netty.channel.AbstractChannelHandlerContext.fireChannelRead(AbstractChannelHandlerContext.java:412) ~[ViaProxy-3.4.2-SNAPSHOT.jar:?]
	at io.netty.handler.flow.FlowControlHandler.dequeue(FlowControlHandler.java:202) ~[ViaProxy-3.4.2-SNAPSHOT.jar:?]
	at io.netty.handler.flow.FlowControlHandler.channelRead(FlowControlHandler.java:164) ~[ViaProxy-3.4.2-SNAPSHOT.jar:?]
	at io.netty.channel.AbstractChannelHandlerContext.invokeChannelRead(AbstractChannelHandlerContext.java:442) ~[ViaProxy-3.4.2-SNAPSHOT.jar:?]
	at io.netty.channel.AbstractChannelHandlerContext.invokeChannelRead(AbstractChannelHandlerContext.java:420) ~[ViaProxy-3.4.2-SNAPSHOT.jar:?]
	at io.netty.channel.AbstractChannelHandlerContext.fireChannelRead(AbstractChannelHandlerContext.java:412) ~[ViaProxy-3.4.2-SNAPSHOT.jar:?]
	at io.netty.handler.codec.ByteToMessageDecoder.fireChannelRead(ByteToMessageDecoder.java:346) ~[ViaProxy-3.4.2-SNAPSHOT.jar:?]
	at io.netty.handler.codec.ByteToMessageDecoder.fireChannelRead(ByteToMessageDecoder.java:333) ~[ViaProxy-3.4.2-SNAPSHOT.jar:?]
	at io.netty.handler.codec.ByteToMessageDecoder.callDecode(ByteToMessageDecoder.java:455) ~[ViaProxy-3.4.2-SNAPSHOT.jar:?]
	at io.netty.handler.codec.ByteToMessageDecoder.channelRead(ByteToMessageDecoder.java:290) ~[ViaProxy-3.4.2-SNAPSHOT.jar:?]
	at io.netty.handler.codec.ByteToMessageCodec.channelRead(ByteToMessageCodec.java:103) ~[ViaProxy-3.4.2-SNAPSHOT.jar:?]
	at io.netty.channel.AbstractChannelHandlerContext.invokeChannelRead(AbstractChannelHandlerContext.java:442) ~[ViaProxy-3.4.2-SNAPSHOT.jar:?]
	at io.netty.channel.AbstractChannelHandlerContext.invokeChannelRead(AbstractChannelHandlerContext.java:420) ~[ViaProxy-3.4.2-SNAPSHOT.jar:?]
	at io.netty.channel.AbstractChannelHandlerContext.fireChannelRead(AbstractChannelHandlerContext.java:412) ~[ViaProxy-3.4.2-SNAPSHOT.jar:?]
	at io.netty.handler.codec.ByteToMessageDecoder.fireChannelRead(ByteToMessageDecoder.java:346) ~[ViaProxy-3.4.2-SNAPSHOT.jar:?]
	at io.netty.handler.codec.ByteToMessageDecoder.channelRead(ByteToMessageDecoder.java:318) ~[ViaProxy-3.4.2-SNAPSHOT.jar:?]
	at io.netty.handler.codec.ByteToMessageCodec.channelRead(ByteToMessageCodec.java:103) ~[ViaProxy-3.4.2-SNAPSHOT.jar:?]
	at io.netty.channel.AbstractChannelHandlerContext.invokeChannelRead(AbstractChannelHandlerContext.java:442) ~[ViaProxy-3.4.2-SNAPSHOT.jar:?]
	at io.netty.channel.AbstractChannelHandlerContext.invokeChannelRead(AbstractChannelHandlerContext.java:420) ~[ViaProxy-3.4.2-SNAPSHOT.jar:?]
	at io.netty.channel.AbstractChannelHandlerContext.fireChannelRead(AbstractChannelHandlerContext.java:412) ~[ViaProxy-3.4.2-SNAPSHOT.jar:?]
	at io.netty.channel.DefaultChannelPipeline$HeadContext.channelRead(DefaultChannelPipeline.java:1357) ~[ViaProxy-3.4.2-SNAPSHOT.jar:?]
	at io.netty.channel.AbstractChannelHandlerContext.invokeChannelRead(AbstractChannelHandlerContext.java:440) ~[ViaProxy-3.4.2-SNAPSHOT.jar:?]
	at io.netty.channel.AbstractChannelHandlerContext.invokeChannelRead(AbstractChannelHandlerContext.java:420) ~[ViaProxy-3.4.2-SNAPSHOT.jar:?]
	at io.netty.channel.DefaultChannelPipeline.fireChannelRead(DefaultChannelPipeline.java:868) ~[ViaProxy-3.4.2-SNAPSHOT.jar:?]
	at io.netty.channel.epoll.AbstractEpollStreamChannel$EpollStreamUnsafe.epollInReady(AbstractEpollStreamChannel.java:799) ~[ViaProxy-3.4.2-SNAPSHOT.jar:?]
	at io.netty.channel.epoll.EpollEventLoop.processReady(EpollEventLoop.java:501) ~[ViaProxy-3.4.2-SNAPSHOT.jar:?]
	at io.netty.channel.epoll.EpollEventLoop.run(EpollEventLoop.java:399) ~[ViaProxy-3.4.2-SNAPSHOT.jar:?]
	at io.netty.util.concurrent.SingleThreadEventExecutor$4.run(SingleThreadEventExecutor.java:998) ~[ViaProxy-3.4.2-SNAPSHOT.jar:?]
	at io.netty.util.internal.ThreadExecutorMap$2.run(ThreadExecutorMap.java:74) ~[ViaProxy-3.4.2-SNAPSHOT.jar:?]
	at java.base/java.lang.Thread.run(Thread.java:1583) [?:?]
[11:46:33] [Netty Epoll Server Child IO #2/INFO] (ViaProxy) [PROXY KICK] (127.21.215.51:54891 | null) [0m[38;2;255;85;85mAn unhandled error occurred in your connection and it has been closed.
[0m[38;2;85;255;85mError details for report:[0m[38;2;255;255;255m
[0m[38;2;255;85;85mIllegalStateException[0m[38;2;170;170;170m: [0m[38;2;255;255;255mUnexpected packet in HANDSHAKING state[0m
[11:49:04] [ForkJoinPool.commonPool-worker-6/INFO] (ViaProxy) [CONNECT] (127.0.0.1:44920 | null) [1.8.x <-> 1.21-1.21.1] Connecting to 127.0.0.1:25565
[11:49:04] [Netty Epoll Server Child IO #6/INFO] (ViaProxy) [AUTH] (127.0.0.1:44920 | SJotoso9) Filling player data
[11:49:04] [Netty Epoll Client IO #2/INFO] (ViaProxy) [SESSION] (127.0.0.1:44920 | SJotoso9) Connected successfully! Switching to PLAY state
[11:49:04] [Netty Epoll Client IO #2/WARN] (ViaVersion) (1.13->1.12.2) Ignoring plugin channel in serverbound REGISTER: EAG|1.8
[11:49:04] [Netty Epoll Client IO #2/WARN] (ViaVersion) (1.13->1.12.2) Ignoring plugin channel in serverbound REGISTER: EAG|GetDomain
[11:49:04] [Netty Epoll Client IO #2/WARN] (ViaVersion) (1.13->1.12.2) Ignoring plugin channel in serverbound REGISTER: EAG|Voice-1.8
[11:49:04] [Netty Epoll Client IO #2/WARN] (ViaVersion) (1.13->1.12.2) Ignoring plugin channel in serverbound REGISTER: EAG|UpdateCert-1.8
[11:49:04] [Netty Epoll Client IO #2/WARN] (ViaVersion) (1.13->1.12.2) Ignoring plugin channel in serverbound REGISTER: EAG|1.8-RPC
[11:49:04] [Netty Epoll Client IO #2/WARN] (ViaVersion) (1.13->1.12.2) Ignoring plugin channel in serverbound REGISTER: EAG|Skins-1.8
[11:49:04] [Netty Epoll Client IO #2/WARN] (ViaVersion) (1.13->1.12.2) Ignoring plugin channel in serverbound REGISTER: EAG|1.8-Ready
[11:49:04] [Netty Epoll Client IO #2/WARN] (ViaVersion) (1.13->1.12.2) Ignoring plugin channel in serverbound REGISTER: EAG|FNAWSEn-1.8
[11:49:04] [Netty Epoll Client IO #2/WARN] (ViaVersion) (1.13->1.12.2) Ignoring plugin channel in serverbound REGISTER: EAG|Capes-1.8
[11:49:04] [Netty Epoll Client IO #2/WARN] (ViaVersion) (1.13->1.12.2) Ignoring serverbound plugin message with channel: EAG|1.8-Ready
[11:50:16] [Netty Epoll Client IO #2/INFO] (ViaProxy) [DISCONNECT] (127.0.0.1:44920 | SJotoso9) Connection closed
[11:50:40] [ForkJoinPool.commonPool-worker-7/INFO] (ViaProxy) [CONNECT] (127.0.0.1:50042 | null) [1.8.x <-> 1.21-1.21.1] Connecting to 127.0.0.1:25565
[11:50:40] [Netty Epoll Server Child IO #1/INFO] (ViaProxy) [AUTH] (127.0.0.1:50042 | SJotoso9) Filling player data
[11:50:40] [Netty Epoll Client IO #5/INFO] (ViaProxy) [SESSION] (127.0.0.1:50042 | SJotoso9) Connected successfully! Switching to PLAY state
[11:50:40] [Netty Epoll Client IO #5/WARN] (ViaVersion) (1.13->1.12.2) Ignoring plugin channel in serverbound REGISTER: EAG|1.8
[11:50:40] [Netty Epoll Client IO #5/WARN] (ViaVersion) (1.13->1.12.2) Ignoring plugin channel in serverbound REGISTER: EAG|GetDomain
[11:50:40] [Netty Epoll Client IO #5/WARN] (ViaVersion) (1.13->1.12.2) Ignoring plugin channel in serverbound REGISTER: EAG|Voice-1.8
[11:50:40] [Netty Epoll Client IO #5/WARN] (ViaVersion) (1.13->1.12.2) Ignoring plugin channel in serverbound REGISTER: EAG|UpdateCert-1.8
[11:50:40] [Netty Epoll Client IO #5/WARN] (ViaVersion) (1.13->1.12.2) Ignoring plugin channel in serverbound REGISTER: EAG|1.8-RPC
[11:50:40] [Netty Epoll Client IO #5/WARN] (ViaVersion) (1.13->1.12.2) Ignoring plugin channel in serverbound REGISTER: EAG|Skins-1.8
[11:50:40] [Netty Epoll Client IO #5/WARN] (ViaVersion) (1.13->1.12.2) Ignoring plugin channel in serverbound REGISTER: EAG|1.8-Ready
[11:50:40] [Netty Epoll Client IO #5/WARN] (ViaVersion) (1.13->1.12.2) Ignoring plugin channel in serverbound REGISTER: EAG|FNAWSEn-1.8
[11:50:40] [Netty Epoll Client IO #5/WARN] (ViaVersion) (1.13->1.12.2) Ignoring plugin channel in serverbound REGISTER: EAG|Capes-1.8
[11:50:41] [Netty Epoll Client IO #5/WARN] (ViaVersion) (1.13->1.12.2) Ignoring serverbound plugin message with channel: EAG|1.8-Ready
[11:52:45] [Netty Epoll Client IO #5/INFO] (ViaProxy) [SERVER DISCONNECT] (127.0.0.1:50042 | SJotoso9) Timed out[0m
[11:52:45] [Netty Epoll Client IO #5/INFO] (ViaProxy) [DISCONNECT] (127.0.0.1:50042 | SJotoso9) Connection closed
[12:10:02] [ForkJoinPool.commonPool-worker-9/INFO] (ViaProxy) [CONNECT] (127.0.0.1:44858 | null) [1.8.x <-> 1.21-1.21.1] Connecting to 127.0.0.1:25565
[12:10:02] [Netty Epoll Server Child IO #5/INFO] (ViaProxy) [AUTH] (127.0.0.1:44858 | SJotoso9) Filling player data
[12:10:02] [Netty Epoll Client IO #1/INFO] (ViaProxy) [SESSION] (127.0.0.1:44858 | SJotoso9) Connected successfully! Switching to PLAY state
[12:10:02] [Netty Epoll Client IO #1/WARN] (ViaVersion) (1.13->1.12.2) Ignoring plugin channel in serverbound REGISTER: EAG|1.8
[12:10:02] [Netty Epoll Client IO #1/WARN] (ViaVersion) (1.13->1.12.2) Ignoring plugin channel in serverbound REGISTER: EAG|GetDomain
[12:10:02] [Netty Epoll Client IO #1/WARN] (ViaVersion) (1.13->1.12.2) Ignoring plugin channel in serverbound REGISTER: EAG|Voice-1.8
[12:10:02] [Netty Epoll Client IO #1/WARN] (ViaVersion) (1.13->1.12.2) Ignoring plugin channel in serverbound REGISTER: EAG|UpdateCert-1.8
[12:10:02] [Netty Epoll Client IO #1/WARN] (ViaVersion) (1.13->1.12.2) Ignoring plugin channel in serverbound REGISTER: EAG|1.8-RPC
[12:10:02] [Netty Epoll Client IO #1/WARN] (ViaVersion) (1.13->1.12.2) Ignoring plugin channel in serverbound REGISTER: EAG|Skins-1.8
[12:10:02] [Netty Epoll Client IO #1/WARN] (ViaVersion) (1.13->1.12.2) Ignoring plugin channel in serverbound REGISTER: EAG|1.8-Ready
[12:10:02] [Netty Epoll Client IO #1/WARN] (ViaVersion) (1.13->1.12.2) Ignoring plugin channel in serverbound REGISTER: EAG|FNAWSEn-1.8
[12:10:02] [Netty Epoll Client IO #1/WARN] (ViaVersion) (1.13->1.12.2) Ignoring plugin channel in serverbound REGISTER: EAG|Capes-1.8
[12:10:02] [Netty Epoll Client IO #1/WARN] (ViaVersion) (1.13->1.12.2) Ignoring serverbound plugin message with channel: EAG|1.8-Ready
[12:10:08] [Netty Epoll Client IO #1/INFO] (ViaProxy) [DISCONNECT] (127.0.0.1:44858 | SJotoso9) Connection closed
[12:10:15] [ForkJoinPool.commonPool-worker-9/INFO] (ViaProxy) [CONNECT] (127.0.0.1:43300 | null) [1.8.x <-> 1.21-1.21.1] Connecting to 127.0.0.1:25565
[12:10:15] [Netty Epoll Server Child IO #6/INFO] (ViaProxy) [AUTH] (127.0.0.1:43300 | SJotoso9) Filling player data
[12:10:15] [Netty Epoll Client IO #2/INFO] (ViaProxy) [SESSION] (127.0.0.1:43300 | SJotoso9) Connected successfully! Switching to PLAY state
[12:10:15] [Netty Epoll Client IO #2/WARN] (ViaVersion) (1.13->1.12.2) Ignoring plugin channel in serverbound REGISTER: EAG|1.8
[12:10:15] [Netty Epoll Client IO #2/WARN] (ViaVersion) (1.13->1.12.2) Ignoring plugin channel in serverbound REGISTER: EAG|GetDomain
[12:10:15] [Netty Epoll Client IO #2/WARN] (ViaVersion) (1.13->1.12.2) Ignoring plugin channel in serverbound REGISTER: EAG|Voice-1.8
[12:10:15] [Netty Epoll Client IO #2/WARN] (ViaVersion) (1.13->1.12.2) Ignoring plugin channel in serverbound REGISTER: EAG|UpdateCert-1.8
[12:10:15] [Netty Epoll Client IO #2/WARN] (ViaVersion) (1.13->1.12.2) Ignoring plugin channel in serverbound REGISTER: EAG|1.8-RPC
[12:10:15] [Netty Epoll Client IO #2/WARN] (ViaVersion) (1.13->1.12.2) Ignoring plugin channel in serverbound REGISTER: EAG|Skins-1.8
[12:10:15] [Netty Epoll Client IO #2/WARN] (ViaVersion) (1.13->1.12.2) Ignoring plugin channel in serverbound REGISTER: EAG|1.8-Ready
[12:10:15] [Netty Epoll Client IO #2/WARN] (ViaVersion) (1.13->1.12.2) Ignoring plugin channel in serverbound REGISTER: EAG|FNAWSEn-1.8
[12:10:15] [Netty Epoll Client IO #2/WARN] (ViaVersion) (1.13->1.12.2) Ignoring plugin channel in serverbound REGISTER: EAG|Capes-1.8
[12:10:16] [Netty Epoll Client IO #2/WARN] (ViaVersion) (1.13->1.12.2) Ignoring serverbound plugin message with channel: EAG|1.8-Ready
[12:30:21] [Netty Epoll Client IO #2/WARN] (ViaVersion) (1.14->1.13.2) Can't open inventory for player! Type: 22
[12:30:32] [Netty Epoll Client IO #2/INFO] (ViaProxy) [DISCONNECT] (127.0.0.1:43300 | SJotoso9) Connection closed
